--------------- Build Started: 05/14/2024 15:16:32 Project: KovidKonsole, Configuration: ARM GCC 4.9-2015-q1-update Debug ---------------
The code generation step is up to date.
arm-none-eabi-gcc.exe -mcpu=cortex-m3 -mthumb -Wno-main -I..\..\emWinGraphics_v5_46\Code\Include\PSoC4_5\nosnts -I..\..\emWinGraphics_v5_46\Code\Include\PSoC4_5 -I..\..\emFile\Code\Include\PSoC5 -I..\..\emFile\Code\Include\PSoC5\emf32nOS -I. -IGenerated_Source\PSoC5 -Wa,-alh=.\CortexM3\ARM_GCC_493\Debug/main.lst -g -D DEBUG -Wall -ffunction-sections -Og -ffat-lto-objects -c .\main.c -o .\CortexM3\ARM_GCC_493\Debug\main.o
.\main.c: In function 'DisplayAmplitudeBar':
.\main.c:91:9: warning: unused variable 'samplesPerSecond' [-Wunused-variable]
     int samplesPerSecond = SAMPLE_RATE;
         ^
.\main.c: In function 'InitializeAudioFile':
.\main.c:307:18: warning: unused variable 'fd2' [-Wunused-variable]
     FS_FIND_DATA fd2;
                  ^
.\main.c: In function 'main':
.\main.c:466:14: warning: unused variable 'numSecs' [-Wunused-variable]
     uint16_t numSecs = (overall_size-44) / SAMPLE_RATE / sizeof(uint16);
              ^
.\main.c: In function 'InitializeAudioFile':
.\main.c:274:13: warning: 'fileString' may be used uninitialized in this function [-Wmaybe-uninitialized]
             strcpy(fileString, "Filename: ");
             ^
.\main.c:311:13: warning: 'fileString' may be used uninitialized in this function [-Wmaybe-uninitialized]
             strcpy(fileString, "Filename: ");
             ^
arm-none-eabi-ar.exe -rs .\CortexM3\ARM_GCC_493\Debug\KovidKonsole.a .\CortexM3\ARM_GCC_493\Debug\cyfitter_cfg.o .\CortexM3\ARM_GCC_493\Debug\CyBootAsmGnu.o .\CortexM3\ARM_GCC_493\Debug\CyDmac.o .\CortexM3\ARM_GCC_493\Debug\CyFlash.o .\CortexM3\ARM_GCC_493\Debug\CyLib.o .\CortexM3\ARM_GCC_493\Debug\cyPm.o .\CortexM3\ARM_GCC_493\Debug\CySpc.o .\CortexM3\ARM_GCC_493\Debug\cyutils.o .\CortexM3\ARM_GCC_493\Debug\MISO_1.o .\CortexM3\ARM_GCC_493\Debug\DIN.o .\CortexM3\ARM_GCC_493\Debug\CLK.o .\CortexM3\ARM_GCC_493\Debug\CSLD.o .\CortexM3\ARM_GCC_493\Debug\AudioTimer.o .\CortexM3\ARM_GCC_493\Debug\AudioTimer_PM.o .\CortexM3\ARM_GCC_493\Debug\audiotimer_isr.o .\CortexM3\ARM_GCC_493\Debug\SPIM_TFT.o .\CortexM3\ARM_GCC_493\Debug\SPIM_TFT_PM.o .\CortexM3\ARM_GCC_493\Debug\SPIM_TFT_INT.o .\CortexM3\ARM_GCC_493\Debug\MISO_TFT.o .\CortexM3\ARM_GCC_493\Debug\MOSI_TFT.o .\CortexM3\ARM_GCC_493\Debug\SCLK_TFT.o .\CortexM3\ARM_GCC_493\Debug\SS_TFT.o .\CortexM3\ARM_GCC_493\Debug\SPIM_TFT_IntClock.o .\CortexM3\ARM_GCC_493\Debug\DC.o .\CortexM3\ARM_GCC_493\Debug\LED.o .\CortexM3\ARM_GCC_493\Debug\RESET.o .\CortexM3\ARM_GCC_493\Debug\emFile_ConfigMMC_SPI.o .\CortexM3\ARM_GCC_493\Debug\emFile_MMC_HW_SPI.o .\CortexM3\ARM_GCC_493\Debug\emFile_PM.o .\CortexM3\ARM_GCC_493\Debug\emFile_SPI0.o .\CortexM3\ARM_GCC_493\Debug\emFile_SPI0_PM.o .\CortexM3\ARM_GCC_493\Debug\emFile_SPI0_INT.o .\CortexM3\ARM_GCC_493\Debug\emFile_mosi0.o .\CortexM3\ARM_GCC_493\Debug\emFile_Clock_1.o .\CortexM3\ARM_GCC_493\Debug\emFile_miso0.o .\CortexM3\ARM_GCC_493\Debug\emFile_sclk0.o .\CortexM3\ARM_GCC_493\Debug\emFile_SPI0_CS.o .\CortexM3\ARM_GCC_493\Debug\FlexSensor_2.o .\CortexM3\ARM_GCC_493\Debug\FlexSensor_1.o .\CortexM3\ARM_GCC_493\Debug\ADC_FlexSensor_L.o .\CortexM3\ARM_GCC_493\Debug\ADC_FlexSensor_L_INT.o .\CortexM3\ARM_GCC_493\Debug\ADC_FlexSensor_L_PM.o .\CortexM3\ARM_GCC_493\Debug\ADC_FlexSensor_L_IRQ.o .\CortexM3\ARM_GCC_493\Debug\ADC_FlexSensor_L_theACLK.o .\CortexM3\ARM_GCC_493\Debug\ADC_FlexSensor_L_Bypass.o .\CortexM3\ARM_GCC_493\Debug\TimeStamp_Timer.o .\CortexM3\ARM_GCC_493\Debug\TimeStamp_Timer_PM.o .\CortexM3\ARM_GCC_493\Debug\timestamp_timer_isr.o .\CortexM3\ARM_GCC_493\Debug\ADC_FlexSensor_R.o .\CortexM3\ARM_GCC_493\Debug\ADC_FlexSensor_R_PM.o .\CortexM3\ARM_GCC_493\Debug\ADC_FlexSensor_R_INT.o .\CortexM3\ARM_GCC_493\Debug\ADC_FlexSensor_R_Ext_CP_Clk.o .\CortexM3\ARM_GCC_493\Debug\ADC_FlexSensor_R_IRQ.o .\CortexM3\ARM_GCC_493\Debug\ADC_FlexSensor_R_theACLK.o .\CortexM3\ARM_GCC_493\Debug\ADC_FlexSensor_R_AMux.o .\CortexM3\ARM_GCC_493\Debug\SPIM_Audio.o .\CortexM3\ARM_GCC_493\Debug\SPIM_Audio_PM.o .\CortexM3\ARM_GCC_493\Debug\SPIM_Audio_INT.o .\CortexM3\ARM_GCC_493\Debug\SCL_1.o .\CortexM3\ARM_GCC_493\Debug\SDA_1.o .\CortexM3\ARM_GCC_493\Debug\SPIM_Audio_IntClock.o .\CortexM3\ARM_GCC_493\Debug\Get_ADCs_Timer.o .\CortexM3\ARM_GCC_493\Debug\Get_ADCs_Timer_PM.o .\CortexM3\ARM_GCC_493\Debug\get_adcs_isr.o .\CortexM3\ARM_GCC_493\Debug\I2C_MASTER_L.o .\CortexM3\ARM_GCC_493\Debug\I2C_MASTER_L_BOOT.o .\CortexM3\ARM_GCC_493\Debug\I2C_MASTER_L_INT.o .\CortexM3\ARM_GCC_493\Debug\I2C_MASTER_L_PM.o .\CortexM3\ARM_GCC_493\Debug\I2C_MASTER_L_SLAVE.o .\CortexM3\ARM_GCC_493\Debug\I2C_MASTER_L_MASTER.o
arm-none-eabi-ar.exe: creating .\CortexM3\ARM_GCC_493\Debug\KovidKonsole.a
arm-none-eabi-gcc.exe -Wl,--start-group -o .\CortexM3\ARM_GCC_493\Debug\KovidKonsole.elf .\CortexM3\ARM_GCC_493\Debug\main.o .\CortexM3\ARM_GCC_493\Debug\tft.o .\CortexM3\ARM_GCC_493\Debug\GUI_X.o .\CortexM3\ARM_GCC_493\Debug\GUIConf.o .\CortexM3\ARM_GCC_493\Debug\LCDConf.o .\CortexM3\ARM_GCC_493\Debug\cymetadata.o .\CortexM3\ARM_GCC_493\Debug\Cm3Start.o .\CortexM3\ARM_GCC_493\Debug\KovidKonsole.a "C:\Program Files (x86)\Cypress\PSoC Creator\3.3\PSoC Creator\psoc\content\cycomponentlibrary\CyComponentLibrary.cylib\CortexM3\ARM_GCC_493\Debug\CyComponentLibrary.a" -mcpu=cortex-m3 -mthumb -g -ffunction-sections -Og -ffat-lto-objects -l m -l emf32nosnlfn -L Generated_Source\PSoC5 -L ..\..\emWinGraphics_v5_46\LinkLibrary\PSoC5\GCC -L ..\..\emFile\LinkLibrary\PSoC5\GCC ..\..\emWinGraphics_v5_46\LinkLibrary\PSoC5\GCC\libemWin_nosnts_cm3_gcc.a -Wl,-Map,.\CortexM3\ARM_GCC_493\Debug/KovidKonsole.map -T Generated_Source\PSoC5\cm3gcc.ld -specs=nano.specs -Wl,--gc-sections -Wl,--end-group
cyelftool.exe -C D:\FP\LiamKovid\KovidKonsole.cydsn\CortexM3\ARM_GCC_493\Debug\KovidKonsole.elf --flash_row_size 256 --flash_size 262144
cyelftool.exe -S D:\FP\LiamKovid\KovidKonsole.cydsn\CortexM3\ARM_GCC_493\Debug\KovidKonsole.elf
Flash used: 56576 of 262144 bytes (21.6%).
SRAM used: 65525 of 65536 bytes (100.0%). Stack: 2048 bytes. Heap: 128 bytes.
--------------- Build Succeeded: 05/14/2024 15:16:59 ---------------
