--------------- Clean Started: 05/12/2024 19:36:02 Project: KovidKonsole, Configuration: ARM GCC 4.9-2015-q1-update Debug ---------------
Deleting file ".\CortexM3\ARM_GCC_493\Debug\main.o"
Deleting file ".\CortexM3\ARM_GCC_493\Debug\tft.o"
Deleting file ".\CortexM3\ARM_GCC_493\Debug\GUI_X.o"
Deleting file ".\CortexM3\ARM_GCC_493\Debug\GUIConf.o"
Deleting file ".\CortexM3\ARM_GCC_493\Debug\LCDConf.o"
Deleting file ".\CortexM3\ARM_GCC_493\Debug\cyfitter_cfg.o"
Deleting file ".\CortexM3\ARM_GCC_493\Debug\cymetadata.o"
Deleting file ".\CortexM3\ARM_GCC_493\Debug\A7.o"
Deleting file ".\CortexM3\ARM_GCC_493\Debug\Cm3Start.o"
Deleting file ".\CortexM3\ARM_GCC_493\Debug\CyBootAsmGnu.o"
Deleting file ".\CortexM3\ARM_GCC_493\Debug\CyDmac.o"
Deleting file ".\CortexM3\ARM_GCC_493\Debug\CyFlash.o"
Deleting file ".\CortexM3\ARM_GCC_493\Debug\CyLib.o"
Deleting file ".\CortexM3\ARM_GCC_493\Debug\cyPm.o"
Deleting file ".\CortexM3\ARM_GCC_493\Debug\CySpc.o"
Deleting file ".\CortexM3\ARM_GCC_493\Debug\cyutils.o"
Deleting file ".\CortexM3\ARM_GCC_493\Debug\SPIM_1.o"
Deleting file ".\CortexM3\ARM_GCC_493\Debug\SPIM_1_PM.o"
Deleting file ".\CortexM3\ARM_GCC_493\Debug\SPIM_1_INT.o"
Deleting file ".\CortexM3\ARM_GCC_493\Debug\MISO_1.o"
Deleting file ".\CortexM3\ARM_GCC_493\Debug\DIN.o"
Deleting file ".\CortexM3\ARM_GCC_493\Debug\CLK.o"
Deleting file ".\CortexM3\ARM_GCC_493\Debug\CSLD.o"
Deleting file ".\CortexM3\ARM_GCC_493\Debug\AudioTimer.o"
Deleting file ".\CortexM3\ARM_GCC_493\Debug\AudioTimer_PM.o"
Deleting file ".\CortexM3\ARM_GCC_493\Debug\audiotimer_isr.o"
Deleting file ".\CortexM3\ARM_GCC_493\Debug\SPIM_1_IntClock.o"
Deleting file ".\CortexM3\ARM_GCC_493\Debug\ADC_1.o"
Deleting file ".\CortexM3\ARM_GCC_493\Debug\ADC_1_PM.o"
Deleting file ".\CortexM3\ARM_GCC_493\Debug\ADC_1_INT.o"
Deleting file ".\CortexM3\ARM_GCC_493\Debug\ADC_1_AMux.o"
Deleting file ".\CortexM3\ARM_GCC_493\Debug\ADC_1_Ext_CP_Clk.o"
Deleting file ".\CortexM3\ARM_GCC_493\Debug\ADC_1_IRQ.o"
Deleting file ".\CortexM3\ARM_GCC_493\Debug\ADC_1_theACLK.o"
Deleting file ".\CortexM3\ARM_GCC_493\Debug\SPIM_TFT.o"
Deleting file ".\CortexM3\ARM_GCC_493\Debug\SPIM_TFT_PM.o"
Deleting file ".\CortexM3\ARM_GCC_493\Debug\SPIM_TFT_INT.o"
Deleting file ".\CortexM3\ARM_GCC_493\Debug\MISO_TFT.o"
Deleting file ".\CortexM3\ARM_GCC_493\Debug\MOSI_TFT.o"
Deleting file ".\CortexM3\ARM_GCC_493\Debug\SCLK_TFT.o"
Deleting file ".\CortexM3\ARM_GCC_493\Debug\SS_TFT.o"
Deleting file ".\CortexM3\ARM_GCC_493\Debug\SPIM_TFT_IntClock.o"
Deleting file ".\CortexM3\ARM_GCC_493\Debug\DC.o"
Deleting file ".\CortexM3\ARM_GCC_493\Debug\LED.o"
Deleting file ".\CortexM3\ARM_GCC_493\Debug\RESET.o"
Deleting file ".\CortexM3\ARM_GCC_493\Debug\emFile_ConfigMMC_SPI.o"
Deleting file ".\CortexM3\ARM_GCC_493\Debug\emFile_MMC_HW_SPI.o"
Deleting file ".\CortexM3\ARM_GCC_493\Debug\emFile_PM.o"
Deleting file ".\CortexM3\ARM_GCC_493\Debug\emFile_SPI0.o"
Deleting file ".\CortexM3\ARM_GCC_493\Debug\emFile_SPI0_PM.o"
Deleting file ".\CortexM3\ARM_GCC_493\Debug\emFile_SPI0_INT.o"
Deleting file ".\CortexM3\ARM_GCC_493\Debug\emFile_mosi0.o"
Deleting file ".\CortexM3\ARM_GCC_493\Debug\emFile_Clock_1.o"
Deleting file ".\CortexM3\ARM_GCC_493\Debug\emFile_miso0.o"
Deleting file ".\CortexM3\ARM_GCC_493\Debug\emFile_sclk0.o"
Deleting file ".\CortexM3\ARM_GCC_493\Debug\emFile_SPI0_CS.o"
Deleting file ".\CortexM3\ARM_GCC_493\Debug\FlexSensor_LD_Timer.o"
Deleting file ".\CortexM3\ARM_GCC_493\Debug\FlexSensor_LD_Timer_PM.o"
Deleting file ".\CortexM3\ARM_GCC_493\Debug\flexsensor_LD_isr.o"
Deleting file ".\CortexM3\ARM_GCC_493\Debug\KovidKonsole.hex"
Deleting file ".\CortexM3\ARM_GCC_493\Debug\KovidKonsole.elf"
Deleting file ".\CortexM3\ARM_GCC_493\Debug\KovidKonsole.map"
Deleting file ".\KovidKonsole.cycdx"
Deleting file ".\KovidKonsole.svd"
Deleting file ".\KovidKonsole.rpt"
Deleting file ".\KovidKonsole_timing.html"
Deleting file ".\CortexM3\ARM_GCC_493\Debug\.deps\C_FILE.P"
Deleting file ".\CortexM3\ARM_GCC_493\Debug\.deps\ARM_C_FILE.P"
Deleting file ".\CortexM3\ARM_GCC_493\Debug\.deps\GNU_ARM_ASM_FILE.P"
--------------- Clean Succeeded: 05/12/2024 19:36:03 ---------------
