ARM GAS  C:\Users\student\AppData\Local\Temp\cc0g5IWC.s 			page 1


   1              		.syntax unified
   2              		.cpu cortex-m3
   3              		.fpu softvfp
   4              		.eabi_attribute 20, 1
   5              		.eabi_attribute 21, 1
   6              		.eabi_attribute 23, 3
   7              		.eabi_attribute 24, 1
   8              		.eabi_attribute 25, 1
   9              		.eabi_attribute 26, 1
  10              		.eabi_attribute 30, 1
  11              		.eabi_attribute 34, 1
  12              		.eabi_attribute 18, 4
  13              		.thumb
  14              		.file	"diskio.c"
  15              		.text
  16              	.Ltext0:
  17              		.cfi_sections	.debug_frame
  18              		.section	.text.disk_status,"ax",%progbits
  19              		.align	2
  20              		.global	disk_status
  21              		.thumb
  22              		.thumb_func
  23              		.type	disk_status, %function
  24              	disk_status:
  25              	.LFB0:
  26              		.file 1 ".\\diskio.c"
   1:.\diskio.c    **** /*-----------------------------------------------------------------------*/
   2:.\diskio.c    **** /* Low level disk I/O module SKELETON for FatFs     (C)ChaN, 2019        */
   3:.\diskio.c    **** /*-----------------------------------------------------------------------*/
   4:.\diskio.c    **** /* If a working storage control module is available, it should be        */
   5:.\diskio.c    **** /* attached to the FatFs via a glue function rather than modifying it.   */
   6:.\diskio.c    **** /* This is an example of glue functions to attach various exsisting      */
   7:.\diskio.c    **** /* storage control modules to the FatFs module with a defined API.       */
   8:.\diskio.c    **** /*-----------------------------------------------------------------------*/
   9:.\diskio.c    **** 
  10:.\diskio.c    **** #include "ff.h"			/* Obtains integer types */
  11:.\diskio.c    **** #include "diskio.h"		/* Declarations of disk functions */
  12:.\diskio.c    **** 
  13:.\diskio.c    **** /* Definitions of physical drive number for each drive */
  14:.\diskio.c    **** #define DEV_RAM		0	/* Example: Map Ramdisk to physical drive 0 */
  15:.\diskio.c    **** #define DEV_MMC		1	/* Example: Map MMC/SD card to physical drive 1 */
  16:.\diskio.c    **** #define DEV_USB		2	/* Example: Map USB MSD to physical drive 2 */
  17:.\diskio.c    **** 
  18:.\diskio.c    **** 
  19:.\diskio.c    **** /*-----------------------------------------------------------------------*/
  20:.\diskio.c    **** /* Get Drive Status                                                      */
  21:.\diskio.c    **** /*-----------------------------------------------------------------------*/
  22:.\diskio.c    **** 
  23:.\diskio.c    **** DSTATUS disk_status (
  24:.\diskio.c    **** 	BYTE pdrv		/* Physical drive nmuber to identify the drive */
  25:.\diskio.c    **** )
  26:.\diskio.c    **** {
  27              		.loc 1 26 0
  28              		.cfi_startproc
  29              		@ args = 0, pretend = 0, frame = 0
  30              		@ frame_needed = 0, uses_anonymous_args = 0
  31              	.LVL0:
ARM GAS  C:\Users\student\AppData\Local\Temp\cc0g5IWC.s 			page 2


  32 0000 08B5     		push	{r3, lr}
  33              		.cfi_def_cfa_offset 8
  34              		.cfi_offset 3, -8
  35              		.cfi_offset 14, -4
  27:.\diskio.c    **** 	DSTATUS stat;
  28:.\diskio.c    **** 	int result;
  29:.\diskio.c    **** 
  30:.\diskio.c    **** 	switch (pdrv) {
  36              		.loc 1 30 0
  37 0002 0128     		cmp	r0, #1
  38 0004 06D0     		beq	.L3
  39 0006 10B1     		cbz	r0, .L4
  40 0008 0228     		cmp	r0, #2
  41 000a 06D0     		beq	.L5
  42 000c 07E0     		b	.L2
  43              	.L4:
  44              	.LBB2:
  31:.\diskio.c    **** 	case DEV_RAM :
  32:.\diskio.c    **** 		result = RAM_disk_status();
  45              		.loc 1 32 0
  46 000e FFF7FEFF 		bl	RAM_disk_status
  47              	.LVL1:
  33:.\diskio.c    **** 
  34:.\diskio.c    **** 		// translate the reslut code here
  35:.\diskio.c    **** 
  36:.\diskio.c    **** 		return stat;
  48              		.loc 1 36 0
  49 0012 04E0     		b	.L2
  50              	.LVL2:
  51              	.L3:
  37:.\diskio.c    **** 
  38:.\diskio.c    **** 	case DEV_MMC :
  39:.\diskio.c    **** 		result = MMC_disk_status();
  52              		.loc 1 39 0
  53 0014 FFF7FEFF 		bl	MMC_disk_status
  54              	.LVL3:
  40:.\diskio.c    **** 
  41:.\diskio.c    **** 		// translate the reslut code here
  42:.\diskio.c    **** 
  43:.\diskio.c    **** 		return stat;
  55              		.loc 1 43 0
  56 0018 01E0     		b	.L2
  57              	.LVL4:
  58              	.L5:
  44:.\diskio.c    **** 
  45:.\diskio.c    **** 	case DEV_USB :
  46:.\diskio.c    **** 		result = USB_disk_status();
  59              		.loc 1 46 0
  60 001a FFF7FEFF 		bl	USB_disk_status
  61              	.LVL5:
  62              	.L2:
  63              	.LBE2:
  47:.\diskio.c    **** 
  48:.\diskio.c    **** 		// translate the reslut code here
  49:.\diskio.c    **** 
  50:.\diskio.c    **** 		return stat;
  51:.\diskio.c    **** 	}
ARM GAS  C:\Users\student\AppData\Local\Temp\cc0g5IWC.s 			page 3


  52:.\diskio.c    **** 	return STA_NOINIT;
  53:.\diskio.c    **** }
  64              		.loc 1 53 0
  65 001e 0120     		movs	r0, #1
  66 0020 08BD     		pop	{r3, pc}
  67              		.cfi_endproc
  68              	.LFE0:
  69              		.size	disk_status, .-disk_status
  70 0022 00BF     		.section	.text.disk_initialize,"ax",%progbits
  71              		.align	2
  72              		.global	disk_initialize
  73              		.thumb
  74              		.thumb_func
  75              		.type	disk_initialize, %function
  76              	disk_initialize:
  77              	.LFB1:
  54:.\diskio.c    **** 
  55:.\diskio.c    **** 
  56:.\diskio.c    **** 
  57:.\diskio.c    **** /*-----------------------------------------------------------------------*/
  58:.\diskio.c    **** /* Inidialize a Drive                                                    */
  59:.\diskio.c    **** /*-----------------------------------------------------------------------*/
  60:.\diskio.c    **** 
  61:.\diskio.c    **** DSTATUS disk_initialize (
  62:.\diskio.c    **** 	BYTE pdrv				/* Physical drive nmuber to identify the drive */
  63:.\diskio.c    **** )
  64:.\diskio.c    **** {
  78              		.loc 1 64 0
  79              		.cfi_startproc
  80              		@ args = 0, pretend = 0, frame = 0
  81              		@ frame_needed = 0, uses_anonymous_args = 0
  82              	.LVL6:
  83 0000 08B5     		push	{r3, lr}
  84              		.cfi_def_cfa_offset 8
  85              		.cfi_offset 3, -8
  86              		.cfi_offset 14, -4
  65:.\diskio.c    **** 	DSTATUS stat;
  66:.\diskio.c    **** 	int result;
  67:.\diskio.c    **** 
  68:.\diskio.c    **** 	switch (pdrv) {
  87              		.loc 1 68 0
  88 0002 0128     		cmp	r0, #1
  89 0004 06D0     		beq	.L9
  90 0006 10B1     		cbz	r0, .L10
  91 0008 0228     		cmp	r0, #2
  92 000a 06D0     		beq	.L11
  93 000c 07E0     		b	.L8
  94              	.L10:
  95              	.LBB3:
  69:.\diskio.c    **** 	case DEV_RAM :
  70:.\diskio.c    **** 		result = RAM_disk_initialize();
  96              		.loc 1 70 0
  97 000e FFF7FEFF 		bl	RAM_disk_initialize
  98              	.LVL7:
  71:.\diskio.c    **** 
  72:.\diskio.c    **** 		// translate the reslut code here
  73:.\diskio.c    **** 
ARM GAS  C:\Users\student\AppData\Local\Temp\cc0g5IWC.s 			page 4


  74:.\diskio.c    **** 		return stat;
  99              		.loc 1 74 0
 100 0012 04E0     		b	.L8
 101              	.LVL8:
 102              	.L9:
  75:.\diskio.c    **** 
  76:.\diskio.c    **** 	case DEV_MMC :
  77:.\diskio.c    **** 		result = MMC_disk_initialize();
 103              		.loc 1 77 0
 104 0014 FFF7FEFF 		bl	MMC_disk_initialize
 105              	.LVL9:
  78:.\diskio.c    **** 
  79:.\diskio.c    **** 		// translate the reslut code here
  80:.\diskio.c    **** 
  81:.\diskio.c    **** 		return stat;
 106              		.loc 1 81 0
 107 0018 01E0     		b	.L8
 108              	.LVL10:
 109              	.L11:
  82:.\diskio.c    **** 
  83:.\diskio.c    **** 	case DEV_USB :
  84:.\diskio.c    **** 		result = USB_disk_initialize();
 110              		.loc 1 84 0
 111 001a FFF7FEFF 		bl	USB_disk_initialize
 112              	.LVL11:
 113              	.L8:
 114              	.LBE3:
  85:.\diskio.c    **** 
  86:.\diskio.c    **** 		// translate the reslut code here
  87:.\diskio.c    **** 
  88:.\diskio.c    **** 		return stat;
  89:.\diskio.c    **** 	}
  90:.\diskio.c    **** 	return STA_NOINIT;
  91:.\diskio.c    **** }
 115              		.loc 1 91 0
 116 001e 0120     		movs	r0, #1
 117 0020 08BD     		pop	{r3, pc}
 118              		.cfi_endproc
 119              	.LFE1:
 120              		.size	disk_initialize, .-disk_initialize
 121 0022 00BF     		.section	.text.disk_read,"ax",%progbits
 122              		.align	2
 123              		.global	disk_read
 124              		.thumb
 125              		.thumb_func
 126              		.type	disk_read, %function
 127              	disk_read:
 128              	.LFB2:
  92:.\diskio.c    **** 
  93:.\diskio.c    **** 
  94:.\diskio.c    **** 
  95:.\diskio.c    **** /*-----------------------------------------------------------------------*/
  96:.\diskio.c    **** /* Read Sector(s)                                                        */
  97:.\diskio.c    **** /*-----------------------------------------------------------------------*/
  98:.\diskio.c    **** 
  99:.\diskio.c    **** DRESULT disk_read (
 100:.\diskio.c    **** 	BYTE pdrv,		/* Physical drive nmuber to identify the drive */
ARM GAS  C:\Users\student\AppData\Local\Temp\cc0g5IWC.s 			page 5


 101:.\diskio.c    **** 	BYTE *buff,		/* Data buffer to store read data */
 102:.\diskio.c    **** 	LBA_t sector,	/* Start sector in LBA */
 103:.\diskio.c    **** 	UINT count		/* Number of sectors to read */
 104:.\diskio.c    **** )
 105:.\diskio.c    **** {
 129              		.loc 1 105 0
 130              		.cfi_startproc
 131              		@ args = 0, pretend = 0, frame = 0
 132              		@ frame_needed = 0, uses_anonymous_args = 0
 133              	.LVL12:
 134 0000 08B5     		push	{r3, lr}
 135              		.cfi_def_cfa_offset 8
 136              		.cfi_offset 3, -8
 137              		.cfi_offset 14, -4
 106:.\diskio.c    **** 	DRESULT res;
 107:.\diskio.c    **** 	int result;
 108:.\diskio.c    **** 
 109:.\diskio.c    **** 	switch (pdrv) {
 138              		.loc 1 109 0
 139 0002 0128     		cmp	r0, #1
 140 0004 09D0     		beq	.L15
 141 0006 10B1     		cbz	r0, .L16
 142 0008 0228     		cmp	r0, #2
 143 000a 0CD0     		beq	.L17
 144 000c 10E0     		b	.L14
 145              	.L16:
 146              	.LBB4:
 110:.\diskio.c    **** 	case DEV_RAM :
 111:.\diskio.c    **** 		// translate the arguments here
 112:.\diskio.c    **** 
 113:.\diskio.c    **** 		result = RAM_disk_read(buff, sector, count);
 147              		.loc 1 113 0
 148 000e 0846     		mov	r0, r1
 149              	.LVL13:
 150 0010 1146     		mov	r1, r2
 151              	.LVL14:
 152 0012 1A46     		mov	r2, r3
 153              	.LVL15:
 154 0014 FFF7FEFF 		bl	RAM_disk_read
 155              	.LVL16:
 114:.\diskio.c    **** 
 115:.\diskio.c    **** 		// translate the reslut code here
 116:.\diskio.c    **** 
 117:.\diskio.c    **** 		return res;
 156              		.loc 1 117 0
 157 0018 0AE0     		b	.L14
 158              	.LVL17:
 159              	.L15:
 118:.\diskio.c    **** 
 119:.\diskio.c    **** 	case DEV_MMC :
 120:.\diskio.c    **** 		// translate the arguments here
 121:.\diskio.c    **** 
 122:.\diskio.c    **** 		result = MMC_disk_read(buff, sector, count);
 160              		.loc 1 122 0
 161 001a 0846     		mov	r0, r1
 162              	.LVL18:
 163 001c 1146     		mov	r1, r2
ARM GAS  C:\Users\student\AppData\Local\Temp\cc0g5IWC.s 			page 6


 164              	.LVL19:
 165 001e 1A46     		mov	r2, r3
 166              	.LVL20:
 167 0020 FFF7FEFF 		bl	MMC_disk_read
 168              	.LVL21:
 123:.\diskio.c    **** 
 124:.\diskio.c    **** 		// translate the reslut code here
 125:.\diskio.c    **** 
 126:.\diskio.c    **** 		return res;
 169              		.loc 1 126 0
 170 0024 04E0     		b	.L14
 171              	.LVL22:
 172              	.L17:
 127:.\diskio.c    **** 
 128:.\diskio.c    **** 	case DEV_USB :
 129:.\diskio.c    **** 		// translate the arguments here
 130:.\diskio.c    **** 
 131:.\diskio.c    **** 		result = USB_disk_read(buff, sector, count);
 173              		.loc 1 131 0
 174 0026 0846     		mov	r0, r1
 175              	.LVL23:
 176 0028 1146     		mov	r1, r2
 177              	.LVL24:
 178 002a 1A46     		mov	r2, r3
 179              	.LVL25:
 180 002c FFF7FEFF 		bl	USB_disk_read
 181              	.LVL26:
 182              	.L14:
 183              	.LBE4:
 132:.\diskio.c    **** 
 133:.\diskio.c    **** 		// translate the reslut code here
 134:.\diskio.c    **** 
 135:.\diskio.c    **** 		return res;
 136:.\diskio.c    **** 	}
 137:.\diskio.c    **** 
 138:.\diskio.c    **** 	return RES_PARERR;
 139:.\diskio.c    **** }
 184              		.loc 1 139 0
 185 0030 0420     		movs	r0, #4
 186 0032 08BD     		pop	{r3, pc}
 187              		.cfi_endproc
 188              	.LFE2:
 189              		.size	disk_read, .-disk_read
 190              		.section	.text.disk_write,"ax",%progbits
 191              		.align	2
 192              		.global	disk_write
 193              		.thumb
 194              		.thumb_func
 195              		.type	disk_write, %function
 196              	disk_write:
 197              	.LFB3:
 140:.\diskio.c    **** 
 141:.\diskio.c    **** 
 142:.\diskio.c    **** 
 143:.\diskio.c    **** /*-----------------------------------------------------------------------*/
 144:.\diskio.c    **** /* Write Sector(s)                                                       */
 145:.\diskio.c    **** /*-----------------------------------------------------------------------*/
ARM GAS  C:\Users\student\AppData\Local\Temp\cc0g5IWC.s 			page 7


 146:.\diskio.c    **** 
 147:.\diskio.c    **** #if FF_FS_READONLY == 0
 148:.\diskio.c    **** 
 149:.\diskio.c    **** DRESULT disk_write (
 150:.\diskio.c    **** 	BYTE pdrv,			/* Physical drive nmuber to identify the drive */
 151:.\diskio.c    **** 	const BYTE *buff,	/* Data to be written */
 152:.\diskio.c    **** 	LBA_t sector,		/* Start sector in LBA */
 153:.\diskio.c    **** 	UINT count			/* Number of sectors to write */
 154:.\diskio.c    **** )
 155:.\diskio.c    **** {
 198              		.loc 1 155 0
 199              		.cfi_startproc
 200              		@ args = 0, pretend = 0, frame = 0
 201              		@ frame_needed = 0, uses_anonymous_args = 0
 202              	.LVL27:
 203 0000 08B5     		push	{r3, lr}
 204              		.cfi_def_cfa_offset 8
 205              		.cfi_offset 3, -8
 206              		.cfi_offset 14, -4
 156:.\diskio.c    **** 	DRESULT res;
 157:.\diskio.c    **** 	int result;
 158:.\diskio.c    **** 
 159:.\diskio.c    **** 	switch (pdrv) {
 207              		.loc 1 159 0
 208 0002 0128     		cmp	r0, #1
 209 0004 09D0     		beq	.L21
 210 0006 10B1     		cbz	r0, .L22
 211 0008 0228     		cmp	r0, #2
 212 000a 0CD0     		beq	.L23
 213 000c 10E0     		b	.L20
 214              	.L22:
 215              	.LBB5:
 160:.\diskio.c    **** 	case DEV_RAM :
 161:.\diskio.c    **** 		// translate the arguments here
 162:.\diskio.c    **** 
 163:.\diskio.c    **** 		result = RAM_disk_write(buff, sector, count);
 216              		.loc 1 163 0
 217 000e 0846     		mov	r0, r1
 218              	.LVL28:
 219 0010 1146     		mov	r1, r2
 220              	.LVL29:
 221 0012 1A46     		mov	r2, r3
 222              	.LVL30:
 223 0014 FFF7FEFF 		bl	RAM_disk_write
 224              	.LVL31:
 164:.\diskio.c    **** 
 165:.\diskio.c    **** 		// translate the reslut code here
 166:.\diskio.c    **** 
 167:.\diskio.c    **** 		return res;
 225              		.loc 1 167 0
 226 0018 0AE0     		b	.L20
 227              	.LVL32:
 228              	.L21:
 168:.\diskio.c    **** 
 169:.\diskio.c    **** 	case DEV_MMC :
 170:.\diskio.c    **** 		// translate the arguments here
 171:.\diskio.c    **** 
ARM GAS  C:\Users\student\AppData\Local\Temp\cc0g5IWC.s 			page 8


 172:.\diskio.c    **** 		result = MMC_disk_write(buff, sector, count);
 229              		.loc 1 172 0
 230 001a 0846     		mov	r0, r1
 231              	.LVL33:
 232 001c 1146     		mov	r1, r2
 233              	.LVL34:
 234 001e 1A46     		mov	r2, r3
 235              	.LVL35:
 236 0020 FFF7FEFF 		bl	MMC_disk_write
 237              	.LVL36:
 173:.\diskio.c    **** 
 174:.\diskio.c    **** 		// translate the reslut code here
 175:.\diskio.c    **** 
 176:.\diskio.c    **** 		return res;
 238              		.loc 1 176 0
 239 0024 04E0     		b	.L20
 240              	.LVL37:
 241              	.L23:
 177:.\diskio.c    **** 
 178:.\diskio.c    **** 	case DEV_USB :
 179:.\diskio.c    **** 		// translate the arguments here
 180:.\diskio.c    **** 
 181:.\diskio.c    **** 		result = USB_disk_write(buff, sector, count);
 242              		.loc 1 181 0
 243 0026 0846     		mov	r0, r1
 244              	.LVL38:
 245 0028 1146     		mov	r1, r2
 246              	.LVL39:
 247 002a 1A46     		mov	r2, r3
 248              	.LVL40:
 249 002c FFF7FEFF 		bl	USB_disk_write
 250              	.LVL41:
 251              	.L20:
 252              	.LBE5:
 182:.\diskio.c    **** 
 183:.\diskio.c    **** 		// translate the reslut code here
 184:.\diskio.c    **** 
 185:.\diskio.c    **** 		return res;
 186:.\diskio.c    **** 	}
 187:.\diskio.c    **** 
 188:.\diskio.c    **** 	return RES_PARERR;
 189:.\diskio.c    **** }
 253              		.loc 1 189 0
 254 0030 0420     		movs	r0, #4
 255 0032 08BD     		pop	{r3, pc}
 256              		.cfi_endproc
 257              	.LFE3:
 258              		.size	disk_write, .-disk_write
 259              		.section	.text.disk_ioctl,"ax",%progbits
 260              		.align	2
 261              		.global	disk_ioctl
 262              		.thumb
 263              		.thumb_func
 264              		.type	disk_ioctl, %function
 265              	disk_ioctl:
 266              	.LFB4:
 190:.\diskio.c    **** 
ARM GAS  C:\Users\student\AppData\Local\Temp\cc0g5IWC.s 			page 9


 191:.\diskio.c    **** #endif
 192:.\diskio.c    **** 
 193:.\diskio.c    **** 
 194:.\diskio.c    **** /*-----------------------------------------------------------------------*/
 195:.\diskio.c    **** /* Miscellaneous Functions                                               */
 196:.\diskio.c    **** /*-----------------------------------------------------------------------*/
 197:.\diskio.c    **** 
 198:.\diskio.c    **** DRESULT disk_ioctl (
 199:.\diskio.c    **** 	BYTE pdrv,		/* Physical drive nmuber (0..) */
 200:.\diskio.c    **** 	BYTE cmd,		/* Control code */
 201:.\diskio.c    **** 	void *buff		/* Buffer to send/receive control data */
 202:.\diskio.c    **** )
 203:.\diskio.c    **** {
 267              		.loc 1 203 0
 268              		.cfi_startproc
 269              		@ args = 0, pretend = 0, frame = 0
 270              		@ frame_needed = 0, uses_anonymous_args = 0
 271              		@ link register save eliminated.
 272              	.LVL42:
 204:.\diskio.c    **** 	DRESULT res;
 205:.\diskio.c    **** 	int result;
 206:.\diskio.c    **** 
 207:.\diskio.c    **** 	switch (pdrv) {
 208:.\diskio.c    **** 	case DEV_RAM :
 209:.\diskio.c    **** 
 210:.\diskio.c    **** 		// Process of the command for the RAM drive
 211:.\diskio.c    **** 
 212:.\diskio.c    **** 		return res;
 213:.\diskio.c    **** 
 214:.\diskio.c    **** 	case DEV_MMC :
 215:.\diskio.c    **** 
 216:.\diskio.c    **** 		// Process of the command for the MMC/SD card
 217:.\diskio.c    **** 
 218:.\diskio.c    **** 		return res;
 219:.\diskio.c    **** 
 220:.\diskio.c    **** 	case DEV_USB :
 221:.\diskio.c    **** 
 222:.\diskio.c    **** 		// Process of the command the USB drive
 223:.\diskio.c    **** 
 224:.\diskio.c    **** 		return res;
 225:.\diskio.c    **** 	}
 226:.\diskio.c    **** 
 227:.\diskio.c    **** 	return RES_PARERR;
 228:.\diskio.c    **** }
 273              		.loc 1 228 0
 274 0000 0420     		movs	r0, #4
 275              	.LVL43:
 276 0002 7047     		bx	lr
 277              		.cfi_endproc
 278              	.LFE4:
 279              		.size	disk_ioctl, .-disk_ioctl
 280              		.text
 281              	.Letext0:
 282              		.file 2 ".\\ff.h"
 283              		.file 3 ".\\diskio.h"
 284              		.section	.debug_info,"",%progbits
 285              	.Ldebug_info0:
ARM GAS  C:\Users\student\AppData\Local\Temp\cc0g5IWC.s 			page 10


 286 0000 3A050000 		.4byte	0x53a
 287 0004 0400     		.2byte	0x4
 288 0006 00000000 		.4byte	.Ldebug_abbrev0
 289 000a 04       		.byte	0x4
 290 000b 01       		.uleb128 0x1
 291 000c 67010000 		.4byte	.LASF40
 292 0010 01       		.byte	0x1
 293 0011 57010000 		.4byte	.LASF41
 294 0015 50020000 		.4byte	.LASF42
 295 0019 00000000 		.4byte	.Ldebug_ranges0+0
 296 001d 00000000 		.4byte	0
 297 0021 00000000 		.4byte	.Ldebug_line0
 298 0025 02       		.uleb128 0x2
 299 0026 9E000000 		.4byte	.LASF0
 300 002a 02       		.byte	0x2
 301 002b 3A       		.byte	0x3a
 302 002c 30000000 		.4byte	0x30
 303 0030 03       		.uleb128 0x3
 304 0031 04       		.byte	0x4
 305 0032 07       		.byte	0x7
 306 0033 F4000000 		.4byte	.LASF2
 307 0037 02       		.uleb128 0x2
 308 0038 38000000 		.4byte	.LASF1
 309 003c 02       		.byte	0x2
 310 003d 3B       		.byte	0x3b
 311 003e 42000000 		.4byte	0x42
 312 0042 03       		.uleb128 0x3
 313 0043 01       		.byte	0x1
 314 0044 08       		.byte	0x8
 315 0045 D6000000 		.4byte	.LASF3
 316 0049 03       		.uleb128 0x3
 317 004a 02       		.byte	0x2
 318 004b 07       		.byte	0x7
 319 004c 30010000 		.4byte	.LASF4
 320 0050 02       		.uleb128 0x2
 321 0051 C1000000 		.4byte	.LASF5
 322 0055 02       		.byte	0x2
 323 0056 3D       		.byte	0x3d
 324 0057 5B000000 		.4byte	0x5b
 325 005b 03       		.uleb128 0x3
 326 005c 04       		.byte	0x4
 327 005d 07       		.byte	0x7
 328 005e 22020000 		.4byte	.LASF6
 329 0062 02       		.uleb128 0x2
 330 0063 24000000 		.4byte	.LASF7
 331 0067 02       		.byte	0x2
 332 0068 53       		.byte	0x53
 333 0069 50000000 		.4byte	0x50
 334 006d 03       		.uleb128 0x3
 335 006e 01       		.byte	0x1
 336 006f 08       		.byte	0x8
 337 0070 62010000 		.4byte	.LASF8
 338 0074 03       		.uleb128 0x3
 339 0075 04       		.byte	0x4
 340 0076 07       		.byte	0x7
 341 0077 2A000000 		.4byte	.LASF9
 342 007b 04       		.uleb128 0x4
ARM GAS  C:\Users\student\AppData\Local\Temp\cc0g5IWC.s 			page 11


 343 007c 04       		.byte	0x4
 344 007d 37000000 		.4byte	0x37
 345 0081 02       		.uleb128 0x2
 346 0082 B9000000 		.4byte	.LASF10
 347 0086 03       		.byte	0x3
 348 0087 0D       		.byte	0xd
 349 0088 37000000 		.4byte	0x37
 350 008c 05       		.uleb128 0x5
 351 008d 01       		.byte	0x1
 352 008e 03       		.byte	0x3
 353 008f 10       		.byte	0x10
 354 0090 B3000000 		.4byte	0xb3
 355 0094 06       		.uleb128 0x6
 356 0095 7D000000 		.4byte	.LASF11
 357 0099 00       		.sleb128 0
 358 009a 06       		.uleb128 0x6
 359 009b 0C000000 		.4byte	.LASF12
 360 009f 01       		.sleb128 1
 361 00a0 06       		.uleb128 0x6
 362 00a1 84000000 		.4byte	.LASF13
 363 00a5 02       		.sleb128 2
 364 00a6 06       		.uleb128 0x6
 365 00a7 F5010000 		.4byte	.LASF14
 366 00ab 03       		.sleb128 3
 367 00ac 06       		.uleb128 0x6
 368 00ad 78020000 		.4byte	.LASF15
 369 00b1 04       		.sleb128 4
 370 00b2 00       		.byte	0
 371 00b3 02       		.uleb128 0x2
 372 00b4 48020000 		.4byte	.LASF16
 373 00b8 03       		.byte	0x3
 374 00b9 16       		.byte	0x16
 375 00ba 8C000000 		.4byte	0x8c
 376 00be 07       		.uleb128 0x7
 377 00bf A3000000 		.4byte	.LASF22
 378 00c3 01       		.byte	0x1
 379 00c4 17       		.byte	0x17
 380 00c5 81000000 		.4byte	0x81
 381 00c9 00000000 		.4byte	.LFB0
 382 00cd 22000000 		.4byte	.LFE0-.LFB0
 383 00d1 01       		.uleb128 0x1
 384 00d2 9C       		.byte	0x9c
 385 00d3 55010000 		.4byte	0x155
 386 00d7 08       		.uleb128 0x8
 387 00d8 07000000 		.4byte	.LASF24
 388 00dc 01       		.byte	0x1
 389 00dd 18       		.byte	0x18
 390 00de 37000000 		.4byte	0x37
 391 00e2 00000000 		.4byte	.LLST0
 392 00e6 09       		.uleb128 0x9
 393 00e7 73020000 		.4byte	.LASF17
 394 00eb 01       		.byte	0x1
 395 00ec 1B       		.byte	0x1b
 396 00ed 81000000 		.4byte	0x81
 397 00f1 09       		.uleb128 0x9
 398 00f2 00000000 		.4byte	.LASF18
 399 00f6 01       		.byte	0x1
ARM GAS  C:\Users\student\AppData\Local\Temp\cc0g5IWC.s 			page 12


 400 00f7 1C       		.byte	0x1c
 401 00f8 55010000 		.4byte	0x155
 402 00fc 0A       		.uleb128 0xa
 403 00fd 0E000000 		.4byte	.LBB2
 404 0101 10000000 		.4byte	.LBE2-.LBB2
 405 0105 0B       		.uleb128 0xb
 406 0106 4F000000 		.4byte	.LASF19
 407 010a 01       		.byte	0x1
 408 010b 20       		.byte	0x20
 409 010c 55010000 		.4byte	0x155
 410 0110 16010000 		.4byte	0x116
 411 0114 0C       		.uleb128 0xc
 412 0115 00       		.byte	0
 413 0116 0B       		.uleb128 0xb
 414 0117 20010000 		.4byte	.LASF20
 415 011b 01       		.byte	0x1
 416 011c 27       		.byte	0x27
 417 011d 55010000 		.4byte	0x155
 418 0121 27010000 		.4byte	0x127
 419 0125 0C       		.uleb128 0xc
 420 0126 00       		.byte	0
 421 0127 0B       		.uleb128 0xb
 422 0128 E4000000 		.4byte	.LASF21
 423 012c 01       		.byte	0x1
 424 012d 2E       		.byte	0x2e
 425 012e 55010000 		.4byte	0x155
 426 0132 38010000 		.4byte	0x138
 427 0136 0C       		.uleb128 0xc
 428 0137 00       		.byte	0
 429 0138 0D       		.uleb128 0xd
 430 0139 12000000 		.4byte	.LVL1
 431 013d 75040000 		.4byte	0x475
 432 0141 0D       		.uleb128 0xd
 433 0142 18000000 		.4byte	.LVL3
 434 0146 86040000 		.4byte	0x486
 435 014a 0D       		.uleb128 0xd
 436 014b 1E000000 		.4byte	.LVL5
 437 014f 97040000 		.4byte	0x497
 438 0153 00       		.byte	0
 439 0154 00       		.byte	0
 440 0155 0E       		.uleb128 0xe
 441 0156 04       		.byte	0x4
 442 0157 05       		.byte	0x5
 443 0158 696E7400 		.ascii	"int\000"
 444 015c 07       		.uleb128 0x7
 445 015d 8E000000 		.4byte	.LASF23
 446 0161 01       		.byte	0x1
 447 0162 3D       		.byte	0x3d
 448 0163 81000000 		.4byte	0x81
 449 0167 00000000 		.4byte	.LFB1
 450 016b 22000000 		.4byte	.LFE1-.LFB1
 451 016f 01       		.uleb128 0x1
 452 0170 9C       		.byte	0x9c
 453 0171 F3010000 		.4byte	0x1f3
 454 0175 08       		.uleb128 0x8
 455 0176 07000000 		.4byte	.LASF24
 456 017a 01       		.byte	0x1
ARM GAS  C:\Users\student\AppData\Local\Temp\cc0g5IWC.s 			page 13


 457 017b 3E       		.byte	0x3e
 458 017c 37000000 		.4byte	0x37
 459 0180 53000000 		.4byte	.LLST1
 460 0184 09       		.uleb128 0x9
 461 0185 73020000 		.4byte	.LASF17
 462 0189 01       		.byte	0x1
 463 018a 41       		.byte	0x41
 464 018b 81000000 		.4byte	0x81
 465 018f 09       		.uleb128 0x9
 466 0190 00000000 		.4byte	.LASF18
 467 0194 01       		.byte	0x1
 468 0195 42       		.byte	0x42
 469 0196 55010000 		.4byte	0x155
 470 019a 0A       		.uleb128 0xa
 471 019b 0E000000 		.4byte	.LBB3
 472 019f 10000000 		.4byte	.LBE3-.LBB3
 473 01a3 0B       		.uleb128 0xb
 474 01a4 00020000 		.4byte	.LASF25
 475 01a8 01       		.byte	0x1
 476 01a9 46       		.byte	0x46
 477 01aa 55010000 		.4byte	0x155
 478 01ae B4010000 		.4byte	0x1b4
 479 01b2 0C       		.uleb128 0xc
 480 01b3 00       		.byte	0
 481 01b4 0B       		.uleb128 0xb
 482 01b5 01010000 		.4byte	.LASF26
 483 01b9 01       		.byte	0x1
 484 01ba 4D       		.byte	0x4d
 485 01bb 55010000 		.4byte	0x155
 486 01bf C5010000 		.4byte	0x1c5
 487 01c3 0C       		.uleb128 0xc
 488 01c4 00       		.byte	0
 489 01c5 0B       		.uleb128 0xb
 490 01c6 43010000 		.4byte	.LASF27
 491 01ca 01       		.byte	0x1
 492 01cb 54       		.byte	0x54
 493 01cc 55010000 		.4byte	0x155
 494 01d0 D6010000 		.4byte	0x1d6
 495 01d4 0C       		.uleb128 0xc
 496 01d5 00       		.byte	0
 497 01d6 0D       		.uleb128 0xd
 498 01d7 12000000 		.4byte	.LVL7
 499 01db A8040000 		.4byte	0x4a8
 500 01df 0D       		.uleb128 0xd
 501 01e0 18000000 		.4byte	.LVL9
 502 01e4 B9040000 		.4byte	0x4b9
 503 01e8 0D       		.uleb128 0xd
 504 01e9 1E000000 		.4byte	.LVL11
 505 01ed CA040000 		.4byte	0x4ca
 506 01f1 00       		.byte	0
 507 01f2 00       		.byte	0
 508 01f3 07       		.uleb128 0x7
 509 01f4 AF000000 		.4byte	.LASF28
 510 01f8 01       		.byte	0x1
 511 01f9 63       		.byte	0x63
 512 01fa B3000000 		.4byte	0xb3
 513 01fe 00000000 		.4byte	.LFB2
ARM GAS  C:\Users\student\AppData\Local\Temp\cc0g5IWC.s 			page 14


 514 0202 34000000 		.4byte	.LFE2-.LFB2
 515 0206 01       		.uleb128 0x1
 516 0207 9C       		.byte	0x9c
 517 0208 01030000 		.4byte	0x301
 518 020c 08       		.uleb128 0x8
 519 020d 07000000 		.4byte	.LASF24
 520 0211 01       		.byte	0x1
 521 0212 64       		.byte	0x64
 522 0213 37000000 		.4byte	0x37
 523 0217 A6000000 		.4byte	.LLST2
 524 021b 08       		.uleb128 0x8
 525 021c 33000000 		.4byte	.LASF29
 526 0220 01       		.byte	0x1
 527 0221 65       		.byte	0x65
 528 0222 7B000000 		.4byte	0x7b
 529 0226 F9000000 		.4byte	.LLST3
 530 022a 08       		.uleb128 0x8
 531 022b 48000000 		.4byte	.LASF30
 532 022f 01       		.byte	0x1
 533 0230 66       		.byte	0x66
 534 0231 62000000 		.4byte	0x62
 535 0235 6D010000 		.4byte	.LLST4
 536 0239 08       		.uleb128 0x8
 537 023a 34020000 		.4byte	.LASF31
 538 023e 01       		.byte	0x1
 539 023f 67       		.byte	0x67
 540 0240 25000000 		.4byte	0x25
 541 0244 E1010000 		.4byte	.LLST5
 542 0248 0F       		.uleb128 0xf
 543 0249 72657300 		.ascii	"res\000"
 544 024d 01       		.byte	0x1
 545 024e 6A       		.byte	0x6a
 546 024f B3000000 		.4byte	0xb3
 547 0253 09       		.uleb128 0x9
 548 0254 00000000 		.4byte	.LASF18
 549 0258 01       		.byte	0x1
 550 0259 6B       		.byte	0x6b
 551 025a 55010000 		.4byte	0x155
 552 025e 0A       		.uleb128 0xa
 553 025f 0E000000 		.4byte	.LBB4
 554 0263 22000000 		.4byte	.LBE4-.LBB4
 555 0267 0B       		.uleb128 0xb
 556 0268 16000000 		.4byte	.LASF32
 557 026c 01       		.byte	0x1
 558 026d 71       		.byte	0x71
 559 026e 55010000 		.4byte	0x155
 560 0272 78020000 		.4byte	0x278
 561 0276 0C       		.uleb128 0xc
 562 0277 00       		.byte	0
 563 0278 0B       		.uleb128 0xb
 564 0279 3A020000 		.4byte	.LASF33
 565 027d 01       		.byte	0x1
 566 027e 7A       		.byte	0x7a
 567 027f 55010000 		.4byte	0x155
 568 0283 89020000 		.4byte	0x289
 569 0287 0C       		.uleb128 0xc
 570 0288 00       		.byte	0
ARM GAS  C:\Users\student\AppData\Local\Temp\cc0g5IWC.s 			page 15


 571 0289 0B       		.uleb128 0xb
 572 028a 14020000 		.4byte	.LASF34
 573 028e 01       		.byte	0x1
 574 028f 83       		.byte	0x83
 575 0290 55010000 		.4byte	0x155
 576 0294 9A020000 		.4byte	0x29a
 577 0298 0C       		.uleb128 0xc
 578 0299 00       		.byte	0
 579 029a 10       		.uleb128 0x10
 580 029b 18000000 		.4byte	.LVL16
 581 029f DB040000 		.4byte	0x4db
 582 02a3 BD020000 		.4byte	0x2bd
 583 02a7 11       		.uleb128 0x11
 584 02a8 01       		.uleb128 0x1
 585 02a9 52       		.byte	0x52
 586 02aa 03       		.uleb128 0x3
 587 02ab F3       		.byte	0xf3
 588 02ac 01       		.uleb128 0x1
 589 02ad 53       		.byte	0x53
 590 02ae 11       		.uleb128 0x11
 591 02af 01       		.uleb128 0x1
 592 02b0 51       		.byte	0x51
 593 02b1 03       		.uleb128 0x3
 594 02b2 F3       		.byte	0xf3
 595 02b3 01       		.uleb128 0x1
 596 02b4 52       		.byte	0x52
 597 02b5 11       		.uleb128 0x11
 598 02b6 01       		.uleb128 0x1
 599 02b7 50       		.byte	0x50
 600 02b8 03       		.uleb128 0x3
 601 02b9 F3       		.byte	0xf3
 602 02ba 01       		.uleb128 0x1
 603 02bb 51       		.byte	0x51
 604 02bc 00       		.byte	0
 605 02bd 10       		.uleb128 0x10
 606 02be 24000000 		.4byte	.LVL21
 607 02c2 EC040000 		.4byte	0x4ec
 608 02c6 E0020000 		.4byte	0x2e0
 609 02ca 11       		.uleb128 0x11
 610 02cb 01       		.uleb128 0x1
 611 02cc 52       		.byte	0x52
 612 02cd 03       		.uleb128 0x3
 613 02ce F3       		.byte	0xf3
 614 02cf 01       		.uleb128 0x1
 615 02d0 53       		.byte	0x53
 616 02d1 11       		.uleb128 0x11
 617 02d2 01       		.uleb128 0x1
 618 02d3 51       		.byte	0x51
 619 02d4 03       		.uleb128 0x3
 620 02d5 F3       		.byte	0xf3
 621 02d6 01       		.uleb128 0x1
 622 02d7 52       		.byte	0x52
 623 02d8 11       		.uleb128 0x11
 624 02d9 01       		.uleb128 0x1
 625 02da 50       		.byte	0x50
 626 02db 03       		.uleb128 0x3
 627 02dc F3       		.byte	0xf3
ARM GAS  C:\Users\student\AppData\Local\Temp\cc0g5IWC.s 			page 16


 628 02dd 01       		.uleb128 0x1
 629 02de 51       		.byte	0x51
 630 02df 00       		.byte	0
 631 02e0 12       		.uleb128 0x12
 632 02e1 30000000 		.4byte	.LVL26
 633 02e5 FD040000 		.4byte	0x4fd
 634 02e9 11       		.uleb128 0x11
 635 02ea 01       		.uleb128 0x1
 636 02eb 52       		.byte	0x52
 637 02ec 03       		.uleb128 0x3
 638 02ed F3       		.byte	0xf3
 639 02ee 01       		.uleb128 0x1
 640 02ef 53       		.byte	0x53
 641 02f0 11       		.uleb128 0x11
 642 02f1 01       		.uleb128 0x1
 643 02f2 51       		.byte	0x51
 644 02f3 03       		.uleb128 0x3
 645 02f4 F3       		.byte	0xf3
 646 02f5 01       		.uleb128 0x1
 647 02f6 52       		.byte	0x52
 648 02f7 11       		.uleb128 0x11
 649 02f8 01       		.uleb128 0x1
 650 02f9 50       		.byte	0x50
 651 02fa 03       		.uleb128 0x3
 652 02fb F3       		.byte	0xf3
 653 02fc 01       		.uleb128 0x1
 654 02fd 51       		.byte	0x51
 655 02fe 00       		.byte	0
 656 02ff 00       		.byte	0
 657 0300 00       		.byte	0
 658 0301 07       		.uleb128 0x7
 659 0302 15010000 		.4byte	.LASF35
 660 0306 01       		.byte	0x1
 661 0307 95       		.byte	0x95
 662 0308 B3000000 		.4byte	0xb3
 663 030c 00000000 		.4byte	.LFB3
 664 0310 34000000 		.4byte	.LFE3-.LFB3
 665 0314 01       		.uleb128 0x1
 666 0315 9C       		.byte	0x9c
 667 0316 0F040000 		.4byte	0x40f
 668 031a 08       		.uleb128 0x8
 669 031b 07000000 		.4byte	.LASF24
 670 031f 01       		.byte	0x1
 671 0320 96       		.byte	0x96
 672 0321 37000000 		.4byte	0x37
 673 0325 34020000 		.4byte	.LLST6
 674 0329 08       		.uleb128 0x8
 675 032a 33000000 		.4byte	.LASF29
 676 032e 01       		.byte	0x1
 677 032f 97       		.byte	0x97
 678 0330 0F040000 		.4byte	0x40f
 679 0334 87020000 		.4byte	.LLST7
 680 0338 08       		.uleb128 0x8
 681 0339 48000000 		.4byte	.LASF30
 682 033d 01       		.byte	0x1
 683 033e 98       		.byte	0x98
 684 033f 62000000 		.4byte	0x62
ARM GAS  C:\Users\student\AppData\Local\Temp\cc0g5IWC.s 			page 17


 685 0343 FB020000 		.4byte	.LLST8
 686 0347 08       		.uleb128 0x8
 687 0348 34020000 		.4byte	.LASF31
 688 034c 01       		.byte	0x1
 689 034d 99       		.byte	0x99
 690 034e 25000000 		.4byte	0x25
 691 0352 6F030000 		.4byte	.LLST9
 692 0356 0F       		.uleb128 0xf
 693 0357 72657300 		.ascii	"res\000"
 694 035b 01       		.byte	0x1
 695 035c 9C       		.byte	0x9c
 696 035d B3000000 		.4byte	0xb3
 697 0361 09       		.uleb128 0x9
 698 0362 00000000 		.4byte	.LASF18
 699 0366 01       		.byte	0x1
 700 0367 9D       		.byte	0x9d
 701 0368 55010000 		.4byte	0x155
 702 036c 0A       		.uleb128 0xa
 703 036d 0E000000 		.4byte	.LBB5
 704 0371 22000000 		.4byte	.LBE5-.LBB5
 705 0375 0B       		.uleb128 0xb
 706 0376 6E000000 		.4byte	.LASF36
 707 037a 01       		.byte	0x1
 708 037b A3       		.byte	0xa3
 709 037c 55010000 		.4byte	0x155
 710 0380 86030000 		.4byte	0x386
 711 0384 0C       		.uleb128 0xc
 712 0385 00       		.byte	0
 713 0386 0B       		.uleb128 0xb
 714 0387 C7000000 		.4byte	.LASF37
 715 038b 01       		.byte	0x1
 716 038c AC       		.byte	0xac
 717 038d 55010000 		.4byte	0x155
 718 0391 97030000 		.4byte	0x397
 719 0395 0C       		.uleb128 0xc
 720 0396 00       		.byte	0
 721 0397 0B       		.uleb128 0xb
 722 0398 5F000000 		.4byte	.LASF38
 723 039c 01       		.byte	0x1
 724 039d B5       		.byte	0xb5
 725 039e 55010000 		.4byte	0x155
 726 03a2 A8030000 		.4byte	0x3a8
 727 03a6 0C       		.uleb128 0xc
 728 03a7 00       		.byte	0
 729 03a8 10       		.uleb128 0x10
 730 03a9 18000000 		.4byte	.LVL31
 731 03ad 0E050000 		.4byte	0x50e
 732 03b1 CB030000 		.4byte	0x3cb
 733 03b5 11       		.uleb128 0x11
 734 03b6 01       		.uleb128 0x1
 735 03b7 52       		.byte	0x52
 736 03b8 03       		.uleb128 0x3
 737 03b9 F3       		.byte	0xf3
 738 03ba 01       		.uleb128 0x1
 739 03bb 53       		.byte	0x53
 740 03bc 11       		.uleb128 0x11
 741 03bd 01       		.uleb128 0x1
ARM GAS  C:\Users\student\AppData\Local\Temp\cc0g5IWC.s 			page 18


 742 03be 51       		.byte	0x51
 743 03bf 03       		.uleb128 0x3
 744 03c0 F3       		.byte	0xf3
 745 03c1 01       		.uleb128 0x1
 746 03c2 52       		.byte	0x52
 747 03c3 11       		.uleb128 0x11
 748 03c4 01       		.uleb128 0x1
 749 03c5 50       		.byte	0x50
 750 03c6 03       		.uleb128 0x3
 751 03c7 F3       		.byte	0xf3
 752 03c8 01       		.uleb128 0x1
 753 03c9 51       		.byte	0x51
 754 03ca 00       		.byte	0
 755 03cb 10       		.uleb128 0x10
 756 03cc 24000000 		.4byte	.LVL36
 757 03d0 1F050000 		.4byte	0x51f
 758 03d4 EE030000 		.4byte	0x3ee
 759 03d8 11       		.uleb128 0x11
 760 03d9 01       		.uleb128 0x1
 761 03da 52       		.byte	0x52
 762 03db 03       		.uleb128 0x3
 763 03dc F3       		.byte	0xf3
 764 03dd 01       		.uleb128 0x1
 765 03de 53       		.byte	0x53
 766 03df 11       		.uleb128 0x11
 767 03e0 01       		.uleb128 0x1
 768 03e1 51       		.byte	0x51
 769 03e2 03       		.uleb128 0x3
 770 03e3 F3       		.byte	0xf3
 771 03e4 01       		.uleb128 0x1
 772 03e5 52       		.byte	0x52
 773 03e6 11       		.uleb128 0x11
 774 03e7 01       		.uleb128 0x1
 775 03e8 50       		.byte	0x50
 776 03e9 03       		.uleb128 0x3
 777 03ea F3       		.byte	0xf3
 778 03eb 01       		.uleb128 0x1
 779 03ec 51       		.byte	0x51
 780 03ed 00       		.byte	0
 781 03ee 12       		.uleb128 0x12
 782 03ef 30000000 		.4byte	.LVL41
 783 03f3 30050000 		.4byte	0x530
 784 03f7 11       		.uleb128 0x11
 785 03f8 01       		.uleb128 0x1
 786 03f9 52       		.byte	0x52
 787 03fa 03       		.uleb128 0x3
 788 03fb F3       		.byte	0xf3
 789 03fc 01       		.uleb128 0x1
 790 03fd 53       		.byte	0x53
 791 03fe 11       		.uleb128 0x11
 792 03ff 01       		.uleb128 0x1
 793 0400 51       		.byte	0x51
 794 0401 03       		.uleb128 0x3
 795 0402 F3       		.byte	0xf3
 796 0403 01       		.uleb128 0x1
 797 0404 52       		.byte	0x52
 798 0405 11       		.uleb128 0x11
ARM GAS  C:\Users\student\AppData\Local\Temp\cc0g5IWC.s 			page 19


 799 0406 01       		.uleb128 0x1
 800 0407 50       		.byte	0x50
 801 0408 03       		.uleb128 0x3
 802 0409 F3       		.byte	0xf3
 803 040a 01       		.uleb128 0x1
 804 040b 51       		.byte	0x51
 805 040c 00       		.byte	0
 806 040d 00       		.byte	0
 807 040e 00       		.byte	0
 808 040f 04       		.uleb128 0x4
 809 0410 04       		.byte	0x4
 810 0411 15040000 		.4byte	0x415
 811 0415 13       		.uleb128 0x13
 812 0416 37000000 		.4byte	0x37
 813 041a 07       		.uleb128 0x7
 814 041b 3D000000 		.4byte	.LASF39
 815 041f 01       		.byte	0x1
 816 0420 C6       		.byte	0xc6
 817 0421 B3000000 		.4byte	0xb3
 818 0425 00000000 		.4byte	.LFB4
 819 0429 04000000 		.4byte	.LFE4-.LFB4
 820 042d 01       		.uleb128 0x1
 821 042e 9C       		.byte	0x9c
 822 042f 73040000 		.4byte	0x473
 823 0433 08       		.uleb128 0x8
 824 0434 07000000 		.4byte	.LASF24
 825 0438 01       		.byte	0x1
 826 0439 C7       		.byte	0xc7
 827 043a 37000000 		.4byte	0x37
 828 043e C2030000 		.4byte	.LLST10
 829 0442 14       		.uleb128 0x14
 830 0443 636D6400 		.ascii	"cmd\000"
 831 0447 01       		.byte	0x1
 832 0448 C8       		.byte	0xc8
 833 0449 37000000 		.4byte	0x37
 834 044d 01       		.uleb128 0x1
 835 044e 51       		.byte	0x51
 836 044f 15       		.uleb128 0x15
 837 0450 33000000 		.4byte	.LASF29
 838 0454 01       		.byte	0x1
 839 0455 C9       		.byte	0xc9
 840 0456 73040000 		.4byte	0x473
 841 045a 01       		.uleb128 0x1
 842 045b 52       		.byte	0x52
 843 045c 0F       		.uleb128 0xf
 844 045d 72657300 		.ascii	"res\000"
 845 0461 01       		.byte	0x1
 846 0462 CC       		.byte	0xcc
 847 0463 B3000000 		.4byte	0xb3
 848 0467 09       		.uleb128 0x9
 849 0468 00000000 		.4byte	.LASF18
 850 046c 01       		.byte	0x1
 851 046d CD       		.byte	0xcd
 852 046e 55010000 		.4byte	0x155
 853 0472 00       		.byte	0
 854 0473 16       		.uleb128 0x16
 855 0474 04       		.byte	0x4
ARM GAS  C:\Users\student\AppData\Local\Temp\cc0g5IWC.s 			page 20


 856 0475 0B       		.uleb128 0xb
 857 0476 4F000000 		.4byte	.LASF19
 858 047a 01       		.byte	0x1
 859 047b 20       		.byte	0x20
 860 047c 55010000 		.4byte	0x155
 861 0480 86040000 		.4byte	0x486
 862 0484 0C       		.uleb128 0xc
 863 0485 00       		.byte	0
 864 0486 0B       		.uleb128 0xb
 865 0487 20010000 		.4byte	.LASF20
 866 048b 01       		.byte	0x1
 867 048c 27       		.byte	0x27
 868 048d 55010000 		.4byte	0x155
 869 0491 97040000 		.4byte	0x497
 870 0495 0C       		.uleb128 0xc
 871 0496 00       		.byte	0
 872 0497 0B       		.uleb128 0xb
 873 0498 E4000000 		.4byte	.LASF21
 874 049c 01       		.byte	0x1
 875 049d 2E       		.byte	0x2e
 876 049e 55010000 		.4byte	0x155
 877 04a2 A8040000 		.4byte	0x4a8
 878 04a6 0C       		.uleb128 0xc
 879 04a7 00       		.byte	0
 880 04a8 0B       		.uleb128 0xb
 881 04a9 00020000 		.4byte	.LASF25
 882 04ad 01       		.byte	0x1
 883 04ae 46       		.byte	0x46
 884 04af 55010000 		.4byte	0x155
 885 04b3 B9040000 		.4byte	0x4b9
 886 04b7 0C       		.uleb128 0xc
 887 04b8 00       		.byte	0
 888 04b9 0B       		.uleb128 0xb
 889 04ba 01010000 		.4byte	.LASF26
 890 04be 01       		.byte	0x1
 891 04bf 4D       		.byte	0x4d
 892 04c0 55010000 		.4byte	0x155
 893 04c4 CA040000 		.4byte	0x4ca
 894 04c8 0C       		.uleb128 0xc
 895 04c9 00       		.byte	0
 896 04ca 0B       		.uleb128 0xb
 897 04cb 43010000 		.4byte	.LASF27
 898 04cf 01       		.byte	0x1
 899 04d0 54       		.byte	0x54
 900 04d1 55010000 		.4byte	0x155
 901 04d5 DB040000 		.4byte	0x4db
 902 04d9 0C       		.uleb128 0xc
 903 04da 00       		.byte	0
 904 04db 0B       		.uleb128 0xb
 905 04dc 16000000 		.4byte	.LASF32
 906 04e0 01       		.byte	0x1
 907 04e1 71       		.byte	0x71
 908 04e2 55010000 		.4byte	0x155
 909 04e6 EC040000 		.4byte	0x4ec
 910 04ea 0C       		.uleb128 0xc
 911 04eb 00       		.byte	0
 912 04ec 0B       		.uleb128 0xb
ARM GAS  C:\Users\student\AppData\Local\Temp\cc0g5IWC.s 			page 21


 913 04ed 3A020000 		.4byte	.LASF33
 914 04f1 01       		.byte	0x1
 915 04f2 7A       		.byte	0x7a
 916 04f3 55010000 		.4byte	0x155
 917 04f7 FD040000 		.4byte	0x4fd
 918 04fb 0C       		.uleb128 0xc
 919 04fc 00       		.byte	0
 920 04fd 0B       		.uleb128 0xb
 921 04fe 14020000 		.4byte	.LASF34
 922 0502 01       		.byte	0x1
 923 0503 83       		.byte	0x83
 924 0504 55010000 		.4byte	0x155
 925 0508 0E050000 		.4byte	0x50e
 926 050c 0C       		.uleb128 0xc
 927 050d 00       		.byte	0
 928 050e 0B       		.uleb128 0xb
 929 050f 6E000000 		.4byte	.LASF36
 930 0513 01       		.byte	0x1
 931 0514 A3       		.byte	0xa3
 932 0515 55010000 		.4byte	0x155
 933 0519 1F050000 		.4byte	0x51f
 934 051d 0C       		.uleb128 0xc
 935 051e 00       		.byte	0
 936 051f 0B       		.uleb128 0xb
 937 0520 C7000000 		.4byte	.LASF37
 938 0524 01       		.byte	0x1
 939 0525 AC       		.byte	0xac
 940 0526 55010000 		.4byte	0x155
 941 052a 30050000 		.4byte	0x530
 942 052e 0C       		.uleb128 0xc
 943 052f 00       		.byte	0
 944 0530 17       		.uleb128 0x17
 945 0531 5F000000 		.4byte	.LASF38
 946 0535 01       		.byte	0x1
 947 0536 B5       		.byte	0xb5
 948 0537 55010000 		.4byte	0x155
 949 053b 0C       		.uleb128 0xc
 950 053c 00       		.byte	0
 951 053d 00       		.byte	0
 952              		.section	.debug_abbrev,"",%progbits
 953              	.Ldebug_abbrev0:
 954 0000 01       		.uleb128 0x1
 955 0001 11       		.uleb128 0x11
 956 0002 01       		.byte	0x1
 957 0003 25       		.uleb128 0x25
 958 0004 0E       		.uleb128 0xe
 959 0005 13       		.uleb128 0x13
 960 0006 0B       		.uleb128 0xb
 961 0007 03       		.uleb128 0x3
 962 0008 0E       		.uleb128 0xe
 963 0009 1B       		.uleb128 0x1b
 964 000a 0E       		.uleb128 0xe
 965 000b 55       		.uleb128 0x55
 966 000c 17       		.uleb128 0x17
 967 000d 11       		.uleb128 0x11
 968 000e 01       		.uleb128 0x1
 969 000f 10       		.uleb128 0x10
ARM GAS  C:\Users\student\AppData\Local\Temp\cc0g5IWC.s 			page 22


 970 0010 17       		.uleb128 0x17
 971 0011 00       		.byte	0
 972 0012 00       		.byte	0
 973 0013 02       		.uleb128 0x2
 974 0014 16       		.uleb128 0x16
 975 0015 00       		.byte	0
 976 0016 03       		.uleb128 0x3
 977 0017 0E       		.uleb128 0xe
 978 0018 3A       		.uleb128 0x3a
 979 0019 0B       		.uleb128 0xb
 980 001a 3B       		.uleb128 0x3b
 981 001b 0B       		.uleb128 0xb
 982 001c 49       		.uleb128 0x49
 983 001d 13       		.uleb128 0x13
 984 001e 00       		.byte	0
 985 001f 00       		.byte	0
 986 0020 03       		.uleb128 0x3
 987 0021 24       		.uleb128 0x24
 988 0022 00       		.byte	0
 989 0023 0B       		.uleb128 0xb
 990 0024 0B       		.uleb128 0xb
 991 0025 3E       		.uleb128 0x3e
 992 0026 0B       		.uleb128 0xb
 993 0027 03       		.uleb128 0x3
 994 0028 0E       		.uleb128 0xe
 995 0029 00       		.byte	0
 996 002a 00       		.byte	0
 997 002b 04       		.uleb128 0x4
 998 002c 0F       		.uleb128 0xf
 999 002d 00       		.byte	0
 1000 002e 0B       		.uleb128 0xb
 1001 002f 0B       		.uleb128 0xb
 1002 0030 49       		.uleb128 0x49
 1003 0031 13       		.uleb128 0x13
 1004 0032 00       		.byte	0
 1005 0033 00       		.byte	0
 1006 0034 05       		.uleb128 0x5
 1007 0035 04       		.uleb128 0x4
 1008 0036 01       		.byte	0x1
 1009 0037 0B       		.uleb128 0xb
 1010 0038 0B       		.uleb128 0xb
 1011 0039 3A       		.uleb128 0x3a
 1012 003a 0B       		.uleb128 0xb
 1013 003b 3B       		.uleb128 0x3b
 1014 003c 0B       		.uleb128 0xb
 1015 003d 01       		.uleb128 0x1
 1016 003e 13       		.uleb128 0x13
 1017 003f 00       		.byte	0
 1018 0040 00       		.byte	0
 1019 0041 06       		.uleb128 0x6
 1020 0042 28       		.uleb128 0x28
 1021 0043 00       		.byte	0
 1022 0044 03       		.uleb128 0x3
 1023 0045 0E       		.uleb128 0xe
 1024 0046 1C       		.uleb128 0x1c
 1025 0047 0D       		.uleb128 0xd
 1026 0048 00       		.byte	0
ARM GAS  C:\Users\student\AppData\Local\Temp\cc0g5IWC.s 			page 23


 1027 0049 00       		.byte	0
 1028 004a 07       		.uleb128 0x7
 1029 004b 2E       		.uleb128 0x2e
 1030 004c 01       		.byte	0x1
 1031 004d 3F       		.uleb128 0x3f
 1032 004e 19       		.uleb128 0x19
 1033 004f 03       		.uleb128 0x3
 1034 0050 0E       		.uleb128 0xe
 1035 0051 3A       		.uleb128 0x3a
 1036 0052 0B       		.uleb128 0xb
 1037 0053 3B       		.uleb128 0x3b
 1038 0054 0B       		.uleb128 0xb
 1039 0055 27       		.uleb128 0x27
 1040 0056 19       		.uleb128 0x19
 1041 0057 49       		.uleb128 0x49
 1042 0058 13       		.uleb128 0x13
 1043 0059 11       		.uleb128 0x11
 1044 005a 01       		.uleb128 0x1
 1045 005b 12       		.uleb128 0x12
 1046 005c 06       		.uleb128 0x6
 1047 005d 40       		.uleb128 0x40
 1048 005e 18       		.uleb128 0x18
 1049 005f 9742     		.uleb128 0x2117
 1050 0061 19       		.uleb128 0x19
 1051 0062 01       		.uleb128 0x1
 1052 0063 13       		.uleb128 0x13
 1053 0064 00       		.byte	0
 1054 0065 00       		.byte	0
 1055 0066 08       		.uleb128 0x8
 1056 0067 05       		.uleb128 0x5
 1057 0068 00       		.byte	0
 1058 0069 03       		.uleb128 0x3
 1059 006a 0E       		.uleb128 0xe
 1060 006b 3A       		.uleb128 0x3a
 1061 006c 0B       		.uleb128 0xb
 1062 006d 3B       		.uleb128 0x3b
 1063 006e 0B       		.uleb128 0xb
 1064 006f 49       		.uleb128 0x49
 1065 0070 13       		.uleb128 0x13
 1066 0071 02       		.uleb128 0x2
 1067 0072 17       		.uleb128 0x17
 1068 0073 00       		.byte	0
 1069 0074 00       		.byte	0
 1070 0075 09       		.uleb128 0x9
 1071 0076 34       		.uleb128 0x34
 1072 0077 00       		.byte	0
 1073 0078 03       		.uleb128 0x3
 1074 0079 0E       		.uleb128 0xe
 1075 007a 3A       		.uleb128 0x3a
 1076 007b 0B       		.uleb128 0xb
 1077 007c 3B       		.uleb128 0x3b
 1078 007d 0B       		.uleb128 0xb
 1079 007e 49       		.uleb128 0x49
 1080 007f 13       		.uleb128 0x13
 1081 0080 00       		.byte	0
 1082 0081 00       		.byte	0
 1083 0082 0A       		.uleb128 0xa
ARM GAS  C:\Users\student\AppData\Local\Temp\cc0g5IWC.s 			page 24


 1084 0083 0B       		.uleb128 0xb
 1085 0084 01       		.byte	0x1
 1086 0085 11       		.uleb128 0x11
 1087 0086 01       		.uleb128 0x1
 1088 0087 12       		.uleb128 0x12
 1089 0088 06       		.uleb128 0x6
 1090 0089 00       		.byte	0
 1091 008a 00       		.byte	0
 1092 008b 0B       		.uleb128 0xb
 1093 008c 2E       		.uleb128 0x2e
 1094 008d 01       		.byte	0x1
 1095 008e 3F       		.uleb128 0x3f
 1096 008f 19       		.uleb128 0x19
 1097 0090 03       		.uleb128 0x3
 1098 0091 0E       		.uleb128 0xe
 1099 0092 3A       		.uleb128 0x3a
 1100 0093 0B       		.uleb128 0xb
 1101 0094 3B       		.uleb128 0x3b
 1102 0095 0B       		.uleb128 0xb
 1103 0096 49       		.uleb128 0x49
 1104 0097 13       		.uleb128 0x13
 1105 0098 3C       		.uleb128 0x3c
 1106 0099 19       		.uleb128 0x19
 1107 009a 01       		.uleb128 0x1
 1108 009b 13       		.uleb128 0x13
 1109 009c 00       		.byte	0
 1110 009d 00       		.byte	0
 1111 009e 0C       		.uleb128 0xc
 1112 009f 18       		.uleb128 0x18
 1113 00a0 00       		.byte	0
 1114 00a1 00       		.byte	0
 1115 00a2 00       		.byte	0
 1116 00a3 0D       		.uleb128 0xd
 1117 00a4 898201   		.uleb128 0x4109
 1118 00a7 00       		.byte	0
 1119 00a8 11       		.uleb128 0x11
 1120 00a9 01       		.uleb128 0x1
 1121 00aa 31       		.uleb128 0x31
 1122 00ab 13       		.uleb128 0x13
 1123 00ac 00       		.byte	0
 1124 00ad 00       		.byte	0
 1125 00ae 0E       		.uleb128 0xe
 1126 00af 24       		.uleb128 0x24
 1127 00b0 00       		.byte	0
 1128 00b1 0B       		.uleb128 0xb
 1129 00b2 0B       		.uleb128 0xb
 1130 00b3 3E       		.uleb128 0x3e
 1131 00b4 0B       		.uleb128 0xb
 1132 00b5 03       		.uleb128 0x3
 1133 00b6 08       		.uleb128 0x8
 1134 00b7 00       		.byte	0
 1135 00b8 00       		.byte	0
 1136 00b9 0F       		.uleb128 0xf
 1137 00ba 34       		.uleb128 0x34
 1138 00bb 00       		.byte	0
 1139 00bc 03       		.uleb128 0x3
 1140 00bd 08       		.uleb128 0x8
ARM GAS  C:\Users\student\AppData\Local\Temp\cc0g5IWC.s 			page 25


 1141 00be 3A       		.uleb128 0x3a
 1142 00bf 0B       		.uleb128 0xb
 1143 00c0 3B       		.uleb128 0x3b
 1144 00c1 0B       		.uleb128 0xb
 1145 00c2 49       		.uleb128 0x49
 1146 00c3 13       		.uleb128 0x13
 1147 00c4 00       		.byte	0
 1148 00c5 00       		.byte	0
 1149 00c6 10       		.uleb128 0x10
 1150 00c7 898201   		.uleb128 0x4109
 1151 00ca 01       		.byte	0x1
 1152 00cb 11       		.uleb128 0x11
 1153 00cc 01       		.uleb128 0x1
 1154 00cd 31       		.uleb128 0x31
 1155 00ce 13       		.uleb128 0x13
 1156 00cf 01       		.uleb128 0x1
 1157 00d0 13       		.uleb128 0x13
 1158 00d1 00       		.byte	0
 1159 00d2 00       		.byte	0
 1160 00d3 11       		.uleb128 0x11
 1161 00d4 8A8201   		.uleb128 0x410a
 1162 00d7 00       		.byte	0
 1163 00d8 02       		.uleb128 0x2
 1164 00d9 18       		.uleb128 0x18
 1165 00da 9142     		.uleb128 0x2111
 1166 00dc 18       		.uleb128 0x18
 1167 00dd 00       		.byte	0
 1168 00de 00       		.byte	0
 1169 00df 12       		.uleb128 0x12
 1170 00e0 898201   		.uleb128 0x4109
 1171 00e3 01       		.byte	0x1
 1172 00e4 11       		.uleb128 0x11
 1173 00e5 01       		.uleb128 0x1
 1174 00e6 31       		.uleb128 0x31
 1175 00e7 13       		.uleb128 0x13
 1176 00e8 00       		.byte	0
 1177 00e9 00       		.byte	0
 1178 00ea 13       		.uleb128 0x13
 1179 00eb 26       		.uleb128 0x26
 1180 00ec 00       		.byte	0
 1181 00ed 49       		.uleb128 0x49
 1182 00ee 13       		.uleb128 0x13
 1183 00ef 00       		.byte	0
 1184 00f0 00       		.byte	0
 1185 00f1 14       		.uleb128 0x14
 1186 00f2 05       		.uleb128 0x5
 1187 00f3 00       		.byte	0
 1188 00f4 03       		.uleb128 0x3
 1189 00f5 08       		.uleb128 0x8
 1190 00f6 3A       		.uleb128 0x3a
 1191 00f7 0B       		.uleb128 0xb
 1192 00f8 3B       		.uleb128 0x3b
 1193 00f9 0B       		.uleb128 0xb
 1194 00fa 49       		.uleb128 0x49
 1195 00fb 13       		.uleb128 0x13
 1196 00fc 02       		.uleb128 0x2
 1197 00fd 18       		.uleb128 0x18
ARM GAS  C:\Users\student\AppData\Local\Temp\cc0g5IWC.s 			page 26


 1198 00fe 00       		.byte	0
 1199 00ff 00       		.byte	0
 1200 0100 15       		.uleb128 0x15
 1201 0101 05       		.uleb128 0x5
 1202 0102 00       		.byte	0
 1203 0103 03       		.uleb128 0x3
 1204 0104 0E       		.uleb128 0xe
 1205 0105 3A       		.uleb128 0x3a
 1206 0106 0B       		.uleb128 0xb
 1207 0107 3B       		.uleb128 0x3b
 1208 0108 0B       		.uleb128 0xb
 1209 0109 49       		.uleb128 0x49
 1210 010a 13       		.uleb128 0x13
 1211 010b 02       		.uleb128 0x2
 1212 010c 18       		.uleb128 0x18
 1213 010d 00       		.byte	0
 1214 010e 00       		.byte	0
 1215 010f 16       		.uleb128 0x16
 1216 0110 0F       		.uleb128 0xf
 1217 0111 00       		.byte	0
 1218 0112 0B       		.uleb128 0xb
 1219 0113 0B       		.uleb128 0xb
 1220 0114 00       		.byte	0
 1221 0115 00       		.byte	0
 1222 0116 17       		.uleb128 0x17
 1223 0117 2E       		.uleb128 0x2e
 1224 0118 01       		.byte	0x1
 1225 0119 3F       		.uleb128 0x3f
 1226 011a 19       		.uleb128 0x19
 1227 011b 03       		.uleb128 0x3
 1228 011c 0E       		.uleb128 0xe
 1229 011d 3A       		.uleb128 0x3a
 1230 011e 0B       		.uleb128 0xb
 1231 011f 3B       		.uleb128 0x3b
 1232 0120 0B       		.uleb128 0xb
 1233 0121 49       		.uleb128 0x49
 1234 0122 13       		.uleb128 0x13
 1235 0123 3C       		.uleb128 0x3c
 1236 0124 19       		.uleb128 0x19
 1237 0125 00       		.byte	0
 1238 0126 00       		.byte	0
 1239 0127 00       		.byte	0
 1240              		.section	.debug_loc,"",%progbits
 1241              	.Ldebug_loc0:
 1242              	.LLST0:
 1243 0000 00000000 		.4byte	.LVL0
 1244 0004 11000000 		.4byte	.LVL1-1
 1245 0008 0100     		.2byte	0x1
 1246 000a 50       		.byte	0x50
 1247 000b 11000000 		.4byte	.LVL1-1
 1248 000f 14000000 		.4byte	.LVL2
 1249 0013 0400     		.2byte	0x4
 1250 0015 F3       		.byte	0xf3
 1251 0016 01       		.uleb128 0x1
 1252 0017 50       		.byte	0x50
 1253 0018 9F       		.byte	0x9f
 1254 0019 14000000 		.4byte	.LVL2
ARM GAS  C:\Users\student\AppData\Local\Temp\cc0g5IWC.s 			page 27


 1255 001d 17000000 		.4byte	.LVL3-1
 1256 0021 0100     		.2byte	0x1
 1257 0023 50       		.byte	0x50
 1258 0024 17000000 		.4byte	.LVL3-1
 1259 0028 1A000000 		.4byte	.LVL4
 1260 002c 0400     		.2byte	0x4
 1261 002e F3       		.byte	0xf3
 1262 002f 01       		.uleb128 0x1
 1263 0030 50       		.byte	0x50
 1264 0031 9F       		.byte	0x9f
 1265 0032 1A000000 		.4byte	.LVL4
 1266 0036 1D000000 		.4byte	.LVL5-1
 1267 003a 0100     		.2byte	0x1
 1268 003c 50       		.byte	0x50
 1269 003d 1D000000 		.4byte	.LVL5-1
 1270 0041 22000000 		.4byte	.LFE0
 1271 0045 0400     		.2byte	0x4
 1272 0047 F3       		.byte	0xf3
 1273 0048 01       		.uleb128 0x1
 1274 0049 50       		.byte	0x50
 1275 004a 9F       		.byte	0x9f
 1276 004b 00000000 		.4byte	0
 1277 004f 00000000 		.4byte	0
 1278              	.LLST1:
 1279 0053 00000000 		.4byte	.LVL6
 1280 0057 11000000 		.4byte	.LVL7-1
 1281 005b 0100     		.2byte	0x1
 1282 005d 50       		.byte	0x50
 1283 005e 11000000 		.4byte	.LVL7-1
 1284 0062 14000000 		.4byte	.LVL8
 1285 0066 0400     		.2byte	0x4
 1286 0068 F3       		.byte	0xf3
 1287 0069 01       		.uleb128 0x1
 1288 006a 50       		.byte	0x50
 1289 006b 9F       		.byte	0x9f
 1290 006c 14000000 		.4byte	.LVL8
 1291 0070 17000000 		.4byte	.LVL9-1
 1292 0074 0100     		.2byte	0x1
 1293 0076 50       		.byte	0x50
 1294 0077 17000000 		.4byte	.LVL9-1
 1295 007b 1A000000 		.4byte	.LVL10
 1296 007f 0400     		.2byte	0x4
 1297 0081 F3       		.byte	0xf3
 1298 0082 01       		.uleb128 0x1
 1299 0083 50       		.byte	0x50
 1300 0084 9F       		.byte	0x9f
 1301 0085 1A000000 		.4byte	.LVL10
 1302 0089 1D000000 		.4byte	.LVL11-1
 1303 008d 0100     		.2byte	0x1
 1304 008f 50       		.byte	0x50
 1305 0090 1D000000 		.4byte	.LVL11-1
 1306 0094 22000000 		.4byte	.LFE1
 1307 0098 0400     		.2byte	0x4
 1308 009a F3       		.byte	0xf3
 1309 009b 01       		.uleb128 0x1
 1310 009c 50       		.byte	0x50
 1311 009d 9F       		.byte	0x9f
ARM GAS  C:\Users\student\AppData\Local\Temp\cc0g5IWC.s 			page 28


 1312 009e 00000000 		.4byte	0
 1313 00a2 00000000 		.4byte	0
 1314              	.LLST2:
 1315 00a6 00000000 		.4byte	.LVL12
 1316 00aa 10000000 		.4byte	.LVL13
 1317 00ae 0100     		.2byte	0x1
 1318 00b0 50       		.byte	0x50
 1319 00b1 10000000 		.4byte	.LVL13
 1320 00b5 1A000000 		.4byte	.LVL17
 1321 00b9 0400     		.2byte	0x4
 1322 00bb F3       		.byte	0xf3
 1323 00bc 01       		.uleb128 0x1
 1324 00bd 50       		.byte	0x50
 1325 00be 9F       		.byte	0x9f
 1326 00bf 1A000000 		.4byte	.LVL17
 1327 00c3 1C000000 		.4byte	.LVL18
 1328 00c7 0100     		.2byte	0x1
 1329 00c9 50       		.byte	0x50
 1330 00ca 1C000000 		.4byte	.LVL18
 1331 00ce 26000000 		.4byte	.LVL22
 1332 00d2 0400     		.2byte	0x4
 1333 00d4 F3       		.byte	0xf3
 1334 00d5 01       		.uleb128 0x1
 1335 00d6 50       		.byte	0x50
 1336 00d7 9F       		.byte	0x9f
 1337 00d8 26000000 		.4byte	.LVL22
 1338 00dc 28000000 		.4byte	.LVL23
 1339 00e0 0100     		.2byte	0x1
 1340 00e2 50       		.byte	0x50
 1341 00e3 28000000 		.4byte	.LVL23
 1342 00e7 34000000 		.4byte	.LFE2
 1343 00eb 0400     		.2byte	0x4
 1344 00ed F3       		.byte	0xf3
 1345 00ee 01       		.uleb128 0x1
 1346 00ef 50       		.byte	0x50
 1347 00f0 9F       		.byte	0x9f
 1348 00f1 00000000 		.4byte	0
 1349 00f5 00000000 		.4byte	0
 1350              	.LLST3:
 1351 00f9 00000000 		.4byte	.LVL12
 1352 00fd 12000000 		.4byte	.LVL14
 1353 0101 0100     		.2byte	0x1
 1354 0103 51       		.byte	0x51
 1355 0104 12000000 		.4byte	.LVL14
 1356 0108 17000000 		.4byte	.LVL16-1
 1357 010c 0100     		.2byte	0x1
 1358 010e 50       		.byte	0x50
 1359 010f 17000000 		.4byte	.LVL16-1
 1360 0113 1A000000 		.4byte	.LVL17
 1361 0117 0400     		.2byte	0x4
 1362 0119 F3       		.byte	0xf3
 1363 011a 01       		.uleb128 0x1
 1364 011b 51       		.byte	0x51
 1365 011c 9F       		.byte	0x9f
 1366 011d 1A000000 		.4byte	.LVL17
 1367 0121 1E000000 		.4byte	.LVL19
 1368 0125 0100     		.2byte	0x1
ARM GAS  C:\Users\student\AppData\Local\Temp\cc0g5IWC.s 			page 29


 1369 0127 51       		.byte	0x51
 1370 0128 1E000000 		.4byte	.LVL19
 1371 012c 23000000 		.4byte	.LVL21-1
 1372 0130 0100     		.2byte	0x1
 1373 0132 50       		.byte	0x50
 1374 0133 23000000 		.4byte	.LVL21-1
 1375 0137 26000000 		.4byte	.LVL22
 1376 013b 0400     		.2byte	0x4
 1377 013d F3       		.byte	0xf3
 1378 013e 01       		.uleb128 0x1
 1379 013f 51       		.byte	0x51
 1380 0140 9F       		.byte	0x9f
 1381 0141 26000000 		.4byte	.LVL22
 1382 0145 2A000000 		.4byte	.LVL24
 1383 0149 0100     		.2byte	0x1
 1384 014b 51       		.byte	0x51
 1385 014c 2A000000 		.4byte	.LVL24
 1386 0150 2F000000 		.4byte	.LVL26-1
 1387 0154 0100     		.2byte	0x1
 1388 0156 50       		.byte	0x50
 1389 0157 2F000000 		.4byte	.LVL26-1
 1390 015b 34000000 		.4byte	.LFE2
 1391 015f 0400     		.2byte	0x4
 1392 0161 F3       		.byte	0xf3
 1393 0162 01       		.uleb128 0x1
 1394 0163 51       		.byte	0x51
 1395 0164 9F       		.byte	0x9f
 1396 0165 00000000 		.4byte	0
 1397 0169 00000000 		.4byte	0
 1398              	.LLST4:
 1399 016d 00000000 		.4byte	.LVL12
 1400 0171 14000000 		.4byte	.LVL15
 1401 0175 0100     		.2byte	0x1
 1402 0177 52       		.byte	0x52
 1403 0178 14000000 		.4byte	.LVL15
 1404 017c 17000000 		.4byte	.LVL16-1
 1405 0180 0100     		.2byte	0x1
 1406 0182 51       		.byte	0x51
 1407 0183 17000000 		.4byte	.LVL16-1
 1408 0187 1A000000 		.4byte	.LVL17
 1409 018b 0400     		.2byte	0x4
 1410 018d F3       		.byte	0xf3
 1411 018e 01       		.uleb128 0x1
 1412 018f 52       		.byte	0x52
 1413 0190 9F       		.byte	0x9f
 1414 0191 1A000000 		.4byte	.LVL17
 1415 0195 20000000 		.4byte	.LVL20
 1416 0199 0100     		.2byte	0x1
 1417 019b 52       		.byte	0x52
 1418 019c 20000000 		.4byte	.LVL20
 1419 01a0 23000000 		.4byte	.LVL21-1
 1420 01a4 0100     		.2byte	0x1
 1421 01a6 51       		.byte	0x51
 1422 01a7 23000000 		.4byte	.LVL21-1
 1423 01ab 26000000 		.4byte	.LVL22
 1424 01af 0400     		.2byte	0x4
 1425 01b1 F3       		.byte	0xf3
ARM GAS  C:\Users\student\AppData\Local\Temp\cc0g5IWC.s 			page 30


 1426 01b2 01       		.uleb128 0x1
 1427 01b3 52       		.byte	0x52
 1428 01b4 9F       		.byte	0x9f
 1429 01b5 26000000 		.4byte	.LVL22
 1430 01b9 2C000000 		.4byte	.LVL25
 1431 01bd 0100     		.2byte	0x1
 1432 01bf 52       		.byte	0x52
 1433 01c0 2C000000 		.4byte	.LVL25
 1434 01c4 2F000000 		.4byte	.LVL26-1
 1435 01c8 0100     		.2byte	0x1
 1436 01ca 51       		.byte	0x51
 1437 01cb 2F000000 		.4byte	.LVL26-1
 1438 01cf 34000000 		.4byte	.LFE2
 1439 01d3 0400     		.2byte	0x4
 1440 01d5 F3       		.byte	0xf3
 1441 01d6 01       		.uleb128 0x1
 1442 01d7 52       		.byte	0x52
 1443 01d8 9F       		.byte	0x9f
 1444 01d9 00000000 		.4byte	0
 1445 01dd 00000000 		.4byte	0
 1446              	.LLST5:
 1447 01e1 00000000 		.4byte	.LVL12
 1448 01e5 17000000 		.4byte	.LVL16-1
 1449 01e9 0100     		.2byte	0x1
 1450 01eb 53       		.byte	0x53
 1451 01ec 17000000 		.4byte	.LVL16-1
 1452 01f0 1A000000 		.4byte	.LVL17
 1453 01f4 0400     		.2byte	0x4
 1454 01f6 F3       		.byte	0xf3
 1455 01f7 01       		.uleb128 0x1
 1456 01f8 53       		.byte	0x53
 1457 01f9 9F       		.byte	0x9f
 1458 01fa 1A000000 		.4byte	.LVL17
 1459 01fe 23000000 		.4byte	.LVL21-1
 1460 0202 0100     		.2byte	0x1
 1461 0204 53       		.byte	0x53
 1462 0205 23000000 		.4byte	.LVL21-1
 1463 0209 26000000 		.4byte	.LVL22
 1464 020d 0400     		.2byte	0x4
 1465 020f F3       		.byte	0xf3
 1466 0210 01       		.uleb128 0x1
 1467 0211 53       		.byte	0x53
 1468 0212 9F       		.byte	0x9f
 1469 0213 26000000 		.4byte	.LVL22
 1470 0217 2F000000 		.4byte	.LVL26-1
 1471 021b 0100     		.2byte	0x1
 1472 021d 53       		.byte	0x53
 1473 021e 2F000000 		.4byte	.LVL26-1
 1474 0222 34000000 		.4byte	.LFE2
 1475 0226 0400     		.2byte	0x4
 1476 0228 F3       		.byte	0xf3
 1477 0229 01       		.uleb128 0x1
 1478 022a 53       		.byte	0x53
 1479 022b 9F       		.byte	0x9f
 1480 022c 00000000 		.4byte	0
 1481 0230 00000000 		.4byte	0
 1482              	.LLST6:
ARM GAS  C:\Users\student\AppData\Local\Temp\cc0g5IWC.s 			page 31


 1483 0234 00000000 		.4byte	.LVL27
 1484 0238 10000000 		.4byte	.LVL28
 1485 023c 0100     		.2byte	0x1
 1486 023e 50       		.byte	0x50
 1487 023f 10000000 		.4byte	.LVL28
 1488 0243 1A000000 		.4byte	.LVL32
 1489 0247 0400     		.2byte	0x4
 1490 0249 F3       		.byte	0xf3
 1491 024a 01       		.uleb128 0x1
 1492 024b 50       		.byte	0x50
 1493 024c 9F       		.byte	0x9f
 1494 024d 1A000000 		.4byte	.LVL32
 1495 0251 1C000000 		.4byte	.LVL33
 1496 0255 0100     		.2byte	0x1
 1497 0257 50       		.byte	0x50
 1498 0258 1C000000 		.4byte	.LVL33
 1499 025c 26000000 		.4byte	.LVL37
 1500 0260 0400     		.2byte	0x4
 1501 0262 F3       		.byte	0xf3
 1502 0263 01       		.uleb128 0x1
 1503 0264 50       		.byte	0x50
 1504 0265 9F       		.byte	0x9f
 1505 0266 26000000 		.4byte	.LVL37
 1506 026a 28000000 		.4byte	.LVL38
 1507 026e 0100     		.2byte	0x1
 1508 0270 50       		.byte	0x50
 1509 0271 28000000 		.4byte	.LVL38
 1510 0275 34000000 		.4byte	.LFE3
 1511 0279 0400     		.2byte	0x4
 1512 027b F3       		.byte	0xf3
 1513 027c 01       		.uleb128 0x1
 1514 027d 50       		.byte	0x50
 1515 027e 9F       		.byte	0x9f
 1516 027f 00000000 		.4byte	0
 1517 0283 00000000 		.4byte	0
 1518              	.LLST7:
 1519 0287 00000000 		.4byte	.LVL27
 1520 028b 12000000 		.4byte	.LVL29
 1521 028f 0100     		.2byte	0x1
 1522 0291 51       		.byte	0x51
 1523 0292 12000000 		.4byte	.LVL29
 1524 0296 17000000 		.4byte	.LVL31-1
 1525 029a 0100     		.2byte	0x1
 1526 029c 50       		.byte	0x50
 1527 029d 17000000 		.4byte	.LVL31-1
 1528 02a1 1A000000 		.4byte	.LVL32
 1529 02a5 0400     		.2byte	0x4
 1530 02a7 F3       		.byte	0xf3
 1531 02a8 01       		.uleb128 0x1
 1532 02a9 51       		.byte	0x51
 1533 02aa 9F       		.byte	0x9f
 1534 02ab 1A000000 		.4byte	.LVL32
 1535 02af 1E000000 		.4byte	.LVL34
 1536 02b3 0100     		.2byte	0x1
 1537 02b5 51       		.byte	0x51
 1538 02b6 1E000000 		.4byte	.LVL34
 1539 02ba 23000000 		.4byte	.LVL36-1
ARM GAS  C:\Users\student\AppData\Local\Temp\cc0g5IWC.s 			page 32


 1540 02be 0100     		.2byte	0x1
 1541 02c0 50       		.byte	0x50
 1542 02c1 23000000 		.4byte	.LVL36-1
 1543 02c5 26000000 		.4byte	.LVL37
 1544 02c9 0400     		.2byte	0x4
 1545 02cb F3       		.byte	0xf3
 1546 02cc 01       		.uleb128 0x1
 1547 02cd 51       		.byte	0x51
 1548 02ce 9F       		.byte	0x9f
 1549 02cf 26000000 		.4byte	.LVL37
 1550 02d3 2A000000 		.4byte	.LVL39
 1551 02d7 0100     		.2byte	0x1
 1552 02d9 51       		.byte	0x51
 1553 02da 2A000000 		.4byte	.LVL39
 1554 02de 2F000000 		.4byte	.LVL41-1
 1555 02e2 0100     		.2byte	0x1
 1556 02e4 50       		.byte	0x50
 1557 02e5 2F000000 		.4byte	.LVL41-1
 1558 02e9 34000000 		.4byte	.LFE3
 1559 02ed 0400     		.2byte	0x4
 1560 02ef F3       		.byte	0xf3
 1561 02f0 01       		.uleb128 0x1
 1562 02f1 51       		.byte	0x51
 1563 02f2 9F       		.byte	0x9f
 1564 02f3 00000000 		.4byte	0
 1565 02f7 00000000 		.4byte	0
 1566              	.LLST8:
 1567 02fb 00000000 		.4byte	.LVL27
 1568 02ff 14000000 		.4byte	.LVL30
 1569 0303 0100     		.2byte	0x1
 1570 0305 52       		.byte	0x52
 1571 0306 14000000 		.4byte	.LVL30
 1572 030a 17000000 		.4byte	.LVL31-1
 1573 030e 0100     		.2byte	0x1
 1574 0310 51       		.byte	0x51
 1575 0311 17000000 		.4byte	.LVL31-1
 1576 0315 1A000000 		.4byte	.LVL32
 1577 0319 0400     		.2byte	0x4
 1578 031b F3       		.byte	0xf3
 1579 031c 01       		.uleb128 0x1
 1580 031d 52       		.byte	0x52
 1581 031e 9F       		.byte	0x9f
 1582 031f 1A000000 		.4byte	.LVL32
 1583 0323 20000000 		.4byte	.LVL35
 1584 0327 0100     		.2byte	0x1
 1585 0329 52       		.byte	0x52
 1586 032a 20000000 		.4byte	.LVL35
 1587 032e 23000000 		.4byte	.LVL36-1
 1588 0332 0100     		.2byte	0x1
 1589 0334 51       		.byte	0x51
 1590 0335 23000000 		.4byte	.LVL36-1
 1591 0339 26000000 		.4byte	.LVL37
 1592 033d 0400     		.2byte	0x4
 1593 033f F3       		.byte	0xf3
 1594 0340 01       		.uleb128 0x1
 1595 0341 52       		.byte	0x52
 1596 0342 9F       		.byte	0x9f
ARM GAS  C:\Users\student\AppData\Local\Temp\cc0g5IWC.s 			page 33


 1597 0343 26000000 		.4byte	.LVL37
 1598 0347 2C000000 		.4byte	.LVL40
 1599 034b 0100     		.2byte	0x1
 1600 034d 52       		.byte	0x52
 1601 034e 2C000000 		.4byte	.LVL40
 1602 0352 2F000000 		.4byte	.LVL41-1
 1603 0356 0100     		.2byte	0x1
 1604 0358 51       		.byte	0x51
 1605 0359 2F000000 		.4byte	.LVL41-1
 1606 035d 34000000 		.4byte	.LFE3
 1607 0361 0400     		.2byte	0x4
 1608 0363 F3       		.byte	0xf3
 1609 0364 01       		.uleb128 0x1
 1610 0365 52       		.byte	0x52
 1611 0366 9F       		.byte	0x9f
 1612 0367 00000000 		.4byte	0
 1613 036b 00000000 		.4byte	0
 1614              	.LLST9:
 1615 036f 00000000 		.4byte	.LVL27
 1616 0373 17000000 		.4byte	.LVL31-1
 1617 0377 0100     		.2byte	0x1
 1618 0379 53       		.byte	0x53
 1619 037a 17000000 		.4byte	.LVL31-1
 1620 037e 1A000000 		.4byte	.LVL32
 1621 0382 0400     		.2byte	0x4
 1622 0384 F3       		.byte	0xf3
 1623 0385 01       		.uleb128 0x1
 1624 0386 53       		.byte	0x53
 1625 0387 9F       		.byte	0x9f
 1626 0388 1A000000 		.4byte	.LVL32
 1627 038c 23000000 		.4byte	.LVL36-1
 1628 0390 0100     		.2byte	0x1
 1629 0392 53       		.byte	0x53
 1630 0393 23000000 		.4byte	.LVL36-1
 1631 0397 26000000 		.4byte	.LVL37
 1632 039b 0400     		.2byte	0x4
 1633 039d F3       		.byte	0xf3
 1634 039e 01       		.uleb128 0x1
 1635 039f 53       		.byte	0x53
 1636 03a0 9F       		.byte	0x9f
 1637 03a1 26000000 		.4byte	.LVL37
 1638 03a5 2F000000 		.4byte	.LVL41-1
 1639 03a9 0100     		.2byte	0x1
 1640 03ab 53       		.byte	0x53
 1641 03ac 2F000000 		.4byte	.LVL41-1
 1642 03b0 34000000 		.4byte	.LFE3
 1643 03b4 0400     		.2byte	0x4
 1644 03b6 F3       		.byte	0xf3
 1645 03b7 01       		.uleb128 0x1
 1646 03b8 53       		.byte	0x53
 1647 03b9 9F       		.byte	0x9f
 1648 03ba 00000000 		.4byte	0
 1649 03be 00000000 		.4byte	0
 1650              	.LLST10:
 1651 03c2 00000000 		.4byte	.LVL42
 1652 03c6 02000000 		.4byte	.LVL43
 1653 03ca 0100     		.2byte	0x1
ARM GAS  C:\Users\student\AppData\Local\Temp\cc0g5IWC.s 			page 34


 1654 03cc 50       		.byte	0x50
 1655 03cd 02000000 		.4byte	.LVL43
 1656 03d1 04000000 		.4byte	.LFE4
 1657 03d5 0400     		.2byte	0x4
 1658 03d7 F3       		.byte	0xf3
 1659 03d8 01       		.uleb128 0x1
 1660 03d9 50       		.byte	0x50
 1661 03da 9F       		.byte	0x9f
 1662 03db 00000000 		.4byte	0
 1663 03df 00000000 		.4byte	0
 1664              		.section	.debug_aranges,"",%progbits
 1665 0000 3C000000 		.4byte	0x3c
 1666 0004 0200     		.2byte	0x2
 1667 0006 00000000 		.4byte	.Ldebug_info0
 1668 000a 04       		.byte	0x4
 1669 000b 00       		.byte	0
 1670 000c 0000     		.2byte	0
 1671 000e 0000     		.2byte	0
 1672 0010 00000000 		.4byte	.LFB0
 1673 0014 22000000 		.4byte	.LFE0-.LFB0
 1674 0018 00000000 		.4byte	.LFB1
 1675 001c 22000000 		.4byte	.LFE1-.LFB1
 1676 0020 00000000 		.4byte	.LFB2
 1677 0024 34000000 		.4byte	.LFE2-.LFB2
 1678 0028 00000000 		.4byte	.LFB3
 1679 002c 34000000 		.4byte	.LFE3-.LFB3
 1680 0030 00000000 		.4byte	.LFB4
 1681 0034 04000000 		.4byte	.LFE4-.LFB4
 1682 0038 00000000 		.4byte	0
 1683 003c 00000000 		.4byte	0
 1684              		.section	.debug_ranges,"",%progbits
 1685              	.Ldebug_ranges0:
 1686 0000 00000000 		.4byte	.LFB0
 1687 0004 22000000 		.4byte	.LFE0
 1688 0008 00000000 		.4byte	.LFB1
 1689 000c 22000000 		.4byte	.LFE1
 1690 0010 00000000 		.4byte	.LFB2
 1691 0014 34000000 		.4byte	.LFE2
 1692 0018 00000000 		.4byte	.LFB3
 1693 001c 34000000 		.4byte	.LFE3
 1694 0020 00000000 		.4byte	.LFB4
 1695 0024 04000000 		.4byte	.LFE4
 1696 0028 00000000 		.4byte	0
 1697 002c 00000000 		.4byte	0
 1698              		.section	.debug_line,"",%progbits
 1699              	.Ldebug_line0:
 1700 0000 AC000000 		.section	.debug_str,"MS",%progbits,1
 1700      02003900 
 1700      00000201 
 1700      FB0E0D00 
 1700      01010101 
 1701              	.LASF18:
 1702 0000 72657375 		.ascii	"result\000"
 1702      6C7400
 1703              	.LASF24:
 1704 0007 70647276 		.ascii	"pdrv\000"
 1704      00
ARM GAS  C:\Users\student\AppData\Local\Temp\cc0g5IWC.s 			page 35


 1705              	.LASF12:
 1706 000c 5245535F 		.ascii	"RES_ERROR\000"
 1706      4552524F 
 1706      5200
 1707              	.LASF32:
 1708 0016 52414D5F 		.ascii	"RAM_disk_read\000"
 1708      6469736B 
 1708      5F726561 
 1708      6400
 1709              	.LASF7:
 1710 0024 4C42415F 		.ascii	"LBA_t\000"
 1710      7400
 1711              	.LASF9:
 1712 002a 73697A65 		.ascii	"sizetype\000"
 1712      74797065 
 1712      00
 1713              	.LASF29:
 1714 0033 62756666 		.ascii	"buff\000"
 1714      00
 1715              	.LASF1:
 1716 0038 42595445 		.ascii	"BYTE\000"
 1716      00
 1717              	.LASF39:
 1718 003d 6469736B 		.ascii	"disk_ioctl\000"
 1718      5F696F63 
 1718      746C00
 1719              	.LASF30:
 1720 0048 73656374 		.ascii	"sector\000"
 1720      6F7200
 1721              	.LASF19:
 1722 004f 52414D5F 		.ascii	"RAM_disk_status\000"
 1722      6469736B 
 1722      5F737461 
 1722      74757300 
 1723              	.LASF38:
 1724 005f 5553425F 		.ascii	"USB_disk_write\000"
 1724      6469736B 
 1724      5F777269 
 1724      746500
 1725              	.LASF36:
 1726 006e 52414D5F 		.ascii	"RAM_disk_write\000"
 1726      6469736B 
 1726      5F777269 
 1726      746500
 1727              	.LASF11:
 1728 007d 5245535F 		.ascii	"RES_OK\000"
 1728      4F4B00
 1729              	.LASF13:
 1730 0084 5245535F 		.ascii	"RES_WRPRT\000"
 1730      57525052 
 1730      5400
 1731              	.LASF23:
 1732 008e 6469736B 		.ascii	"disk_initialize\000"
 1732      5F696E69 
 1732      7469616C 
 1732      697A6500 
 1733              	.LASF0:
ARM GAS  C:\Users\student\AppData\Local\Temp\cc0g5IWC.s 			page 36


 1734 009e 55494E54 		.ascii	"UINT\000"
 1734      00
 1735              	.LASF22:
 1736 00a3 6469736B 		.ascii	"disk_status\000"
 1736      5F737461 
 1736      74757300 
 1737              	.LASF28:
 1738 00af 6469736B 		.ascii	"disk_read\000"
 1738      5F726561 
 1738      6400
 1739              	.LASF10:
 1740 00b9 44535441 		.ascii	"DSTATUS\000"
 1740      54555300 
 1741              	.LASF5:
 1742 00c1 44574F52 		.ascii	"DWORD\000"
 1742      4400
 1743              	.LASF37:
 1744 00c7 4D4D435F 		.ascii	"MMC_disk_write\000"
 1744      6469736B 
 1744      5F777269 
 1744      746500
 1745              	.LASF3:
 1746 00d6 756E7369 		.ascii	"unsigned char\000"
 1746      676E6564 
 1746      20636861 
 1746      7200
 1747              	.LASF21:
 1748 00e4 5553425F 		.ascii	"USB_disk_status\000"
 1748      6469736B 
 1748      5F737461 
 1748      74757300 
 1749              	.LASF2:
 1750 00f4 756E7369 		.ascii	"unsigned int\000"
 1750      676E6564 
 1750      20696E74 
 1750      00
 1751              	.LASF26:
 1752 0101 4D4D435F 		.ascii	"MMC_disk_initialize\000"
 1752      6469736B 
 1752      5F696E69 
 1752      7469616C 
 1752      697A6500 
 1753              	.LASF35:
 1754 0115 6469736B 		.ascii	"disk_write\000"
 1754      5F777269 
 1754      746500
 1755              	.LASF20:
 1756 0120 4D4D435F 		.ascii	"MMC_disk_status\000"
 1756      6469736B 
 1756      5F737461 
 1756      74757300 
 1757              	.LASF4:
 1758 0130 73686F72 		.ascii	"short unsigned int\000"
 1758      7420756E 
 1758      7369676E 
 1758      65642069 
 1758      6E7400
ARM GAS  C:\Users\student\AppData\Local\Temp\cc0g5IWC.s 			page 37


 1759              	.LASF27:
 1760 0143 5553425F 		.ascii	"USB_disk_initialize\000"
 1760      6469736B 
 1760      5F696E69 
 1760      7469616C 
 1760      697A6500 
 1761              	.LASF41:
 1762 0157 2E5C6469 		.ascii	".\\diskio.c\000"
 1762      736B696F 
 1762      2E6300
 1763              	.LASF8:
 1764 0162 63686172 		.ascii	"char\000"
 1764      00
 1765              	.LASF40:
 1766 0167 474E5520 		.ascii	"GNU C 4.9.3 20150303 (release) [ARM/embedded-4_9-br"
 1766      4320342E 
 1766      392E3320 
 1766      32303135 
 1766      30333033 
 1767 019a 616E6368 		.ascii	"anch revision 221220] -mcpu=cortex-m3 -mthumb -g -O"
 1767      20726576 
 1767      6973696F 
 1767      6E203232 
 1767      31323230 
 1768 01cd 67202D66 		.ascii	"g -ffunction-sections -ffat-lto-objects\000"
 1768      66756E63 
 1768      74696F6E 
 1768      2D736563 
 1768      74696F6E 
 1769              	.LASF14:
 1770 01f5 5245535F 		.ascii	"RES_NOTRDY\000"
 1770      4E4F5452 
 1770      445900
 1771              	.LASF25:
 1772 0200 52414D5F 		.ascii	"RAM_disk_initialize\000"
 1772      6469736B 
 1772      5F696E69 
 1772      7469616C 
 1772      697A6500 
 1773              	.LASF34:
 1774 0214 5553425F 		.ascii	"USB_disk_read\000"
 1774      6469736B 
 1774      5F726561 
 1774      6400
 1775              	.LASF6:
 1776 0222 6C6F6E67 		.ascii	"long unsigned int\000"
 1776      20756E73 
 1776      69676E65 
 1776      6420696E 
 1776      7400
 1777              	.LASF31:
 1778 0234 636F756E 		.ascii	"count\000"
 1778      7400
 1779              	.LASF33:
 1780 023a 4D4D435F 		.ascii	"MMC_disk_read\000"
 1780      6469736B 
 1780      5F726561 
ARM GAS  C:\Users\student\AppData\Local\Temp\cc0g5IWC.s 			page 38


 1780      6400
 1781              	.LASF16:
 1782 0248 44524553 		.ascii	"DRESULT\000"
 1782      554C5400 
 1783              	.LASF42:
 1784 0250 443A5C46 		.ascii	"D:\\FP\\LiamKovid\\KovidKonsole.cydsn\000"
 1784      505C4C69 
 1784      616D4B6F 
 1784      7669645C 
 1784      4B6F7669 
 1785              	.LASF17:
 1786 0273 73746174 		.ascii	"stat\000"
 1786      00
 1787              	.LASF15:
 1788 0278 5245535F 		.ascii	"RES_PARERR\000"
 1788      50415245 
 1788      525200
 1789              		.ident	"GCC: (GNU Tools for ARM Embedded Processors) 4.9.3 20150303 (release) [ARM/embedded-4_9-br
