--------------- Rebuild Started: 05/12/2024 18:47:43 Project: KovidKonsole, Configuration: ARM GCC 4.9-2015-q1-update Debug ---------------
Deleting file ".\CortexM3\ARM_GCC_493\Debug\main.o"
Deleting file ".\CortexM3\ARM_GCC_493\Debug\tft.o"
Deleting file ".\CortexM3\ARM_GCC_493\Debug\GUI_X.o"
Deleting file ".\CortexM3\ARM_GCC_493\Debug\GUIConf.o"
Deleting file ".\CortexM3\ARM_GCC_493\Debug\LCDConf.o"
Deleting file ".\CortexM3\ARM_GCC_493\Debug\cyfitter_cfg.o"
Deleting file ".\CortexM3\ARM_GCC_493\Debug\cymetadata.o"
Deleting file ".\CortexM3\ARM_GCC_493\Debug\A7.o"
Deleting file ".\CortexM3\ARM_GCC_493\Debug\Clock_1.o"
Deleting file ".\CortexM3\ARM_GCC_493\Debug\FCLK.o"
Deleting file ".\CortexM3\ARM_GCC_493\Debug\Cm3Start.o"
Deleting file ".\CortexM3\ARM_GCC_493\Debug\CyBootAsmGnu.o"
Deleting file ".\CortexM3\ARM_GCC_493\Debug\CyDmac.o"
Deleting file ".\CortexM3\ARM_GCC_493\Debug\CyFlash.o"
Deleting file ".\CortexM3\ARM_GCC_493\Debug\CyLib.o"
Deleting file ".\CortexM3\ARM_GCC_493\Debug\cyPm.o"
Deleting file ".\CortexM3\ARM_GCC_493\Debug\CySpc.o"
Deleting file ".\CortexM3\ARM_GCC_493\Debug\cyutils.o"
Deleting file ".\CortexM3\ARM_GCC_493\Debug\SPIM_1.o"
Deleting file ".\CortexM3\ARM_GCC_493\Debug\SPIM_1_PM.o"
Deleting file ".\CortexM3\ARM_GCC_493\Debug\SPIM_1_INT.o"
Deleting file ".\CortexM3\ARM_GCC_493\Debug\MISO_1.o"
Deleting file ".\CortexM3\ARM_GCC_493\Debug\DIN.o"
Deleting file ".\CortexM3\ARM_GCC_493\Debug\CLK.o"
Deleting file ".\CortexM3\ARM_GCC_493\Debug\CSLD.o"
Deleting file ".\CortexM3\ARM_GCC_493\Debug\AudioTimer.o"
Deleting file ".\CortexM3\ARM_GCC_493\Debug\AudioTimer_PM.o"
Deleting file ".\CortexM3\ARM_GCC_493\Debug\audiotimer_isr.o"
Deleting file ".\CortexM3\ARM_GCC_493\Debug\SPIM_1_IntClock.o"
Deleting file ".\CortexM3\ARM_GCC_493\Debug\ADC_1.o"
Deleting file ".\CortexM3\ARM_GCC_493\Debug\ADC_1_PM.o"
Deleting file ".\CortexM3\ARM_GCC_493\Debug\ADC_1_INT.o"
Deleting file ".\CortexM3\ARM_GCC_493\Debug\ADC_1_AMux.o"
Deleting file ".\CortexM3\ARM_GCC_493\Debug\ADC_1_Ext_CP_Clk.o"
Deleting file ".\CortexM3\ARM_GCC_493\Debug\ADC_1_IRQ.o"
Deleting file ".\CortexM3\ARM_GCC_493\Debug\ADC_1_theACLK.o"
Deleting file ".\CortexM3\ARM_GCC_493\Debug\SPIM_TFT.o"
Deleting file ".\CortexM3\ARM_GCC_493\Debug\SPIM_TFT_PM.o"
Deleting file ".\CortexM3\ARM_GCC_493\Debug\SPIM_TFT_INT.o"
Deleting file ".\CortexM3\ARM_GCC_493\Debug\MISO_TFT.o"
Deleting file ".\CortexM3\ARM_GCC_493\Debug\MOSI_TFT.o"
Deleting file ".\CortexM3\ARM_GCC_493\Debug\SCLK_TFT.o"
Deleting file ".\CortexM3\ARM_GCC_493\Debug\SS_TFT.o"
Deleting file ".\CortexM3\ARM_GCC_493\Debug\SPIM_TFT_IntClock.o"
Deleting file ".\CortexM3\ARM_GCC_493\Debug\DC.o"
Deleting file ".\CortexM3\ARM_GCC_493\Debug\LED.o"
Deleting file ".\CortexM3\ARM_GCC_493\Debug\RESET.o"
Deleting file ".\CortexM3\ARM_GCC_493\Debug\emFile_ConfigMMC_SPI.o"
Deleting file ".\CortexM3\ARM_GCC_493\Debug\emFile_MMC_HW_SPI.o"
Deleting file ".\CortexM3\ARM_GCC_493\Debug\emFile_PM.o"
Deleting file ".\CortexM3\ARM_GCC_493\Debug\emFile_SPI0.o"
Deleting file ".\CortexM3\ARM_GCC_493\Debug\emFile_SPI0_PM.o"
Deleting file ".\CortexM3\ARM_GCC_493\Debug\emFile_SPI0_INT.o"
Deleting file ".\CortexM3\ARM_GCC_493\Debug\emFile_mosi0.o"
Deleting file ".\CortexM3\ARM_GCC_493\Debug\emFile_Clock_1.o"
Deleting file ".\CortexM3\ARM_GCC_493\Debug\emFile_miso0.o"
Deleting file ".\CortexM3\ARM_GCC_493\Debug\emFile_sclk0.o"
Deleting file ".\CortexM3\ARM_GCC_493\Debug\emFile_SPI0_CS.o"
Deleting file ".\CortexM3\ARM_GCC_493\Debug\KovidKonsole.hex"
Deleting file ".\CortexM3\ARM_GCC_493\Debug\KovidKonsole.elf"
Deleting file ".\CortexM3\ARM_GCC_493\Debug\KovidKonsole.map"
Deleting file ".\KovidKonsole.cycdx"
Deleting file ".\KovidKonsole.svd"
Deleting file ".\KovidKonsole.rpt"
Deleting file ".\KovidKonsole_timing.html"
Deleting file ".\CortexM3\ARM_GCC_493\Debug\.deps\C_FILE.P"
Deleting file ".\CortexM3\ARM_GCC_493\Debug\.deps\ARM_C_FILE.P"
Deleting file ".\CortexM3\ARM_GCC_493\Debug\.deps\GNU_ARM_ASM_FILE.P"
cydsfit.exe -.appdatapath "C:\Users\student\AppData\Local\Cypress Semiconductor\PSoC Creator\3.3" -.fdsnotice -.fdswarpdepfile=warp_dependencies.txt -.fdselabdepfile=elab_dependencies.txt -.fdsbldfile=generated_files.txt -p D:\FP\LiamKovid\KovidKonsole.cydsn\KovidKonsole.cyprj -d CY8C5888LTI-LP097 -s D:\FP\LiamKovid\KovidKonsole.cydsn\Generated_Source\PSoC5 -- -yv2 -q10 -ygs -o2 -v3 -.fftcfgtype=LE
Elaborating Design...
HDL Generation ...
Synthesis ...
Place and Route ...
Tech mapping ...
Analog Placement ...
Info: apr.M0002: Analog signal "\ADC_1:Net_35\" is connected to one terminal only. (App=cydsfit)
Analog Routing ...
Analog Code Generation ...
Digital Placement ...
Digital Routing ...
Bitstream Generation ...
Static timing analysis ...
API Generation ...
Dependency Generation ...
Clean Temporary Files ...
arm-none-eabi-gcc.exe -mcpu=cortex-m3 -mthumb -Wno-main -I..\..\emWinGraphics_v5_46\Code\Include\PSoC4_5\nosnts -I..\..\emWinGraphics_v5_46\Code\Include\PSoC4_5 -I..\..\emFile\Code\Include\PSoC5 -I..\..\emFile\Code\Include\PSoC5\emf32nOS -I. -IGenerated_Source\PSoC5 -Wa,-alh=.\CortexM3\ARM_GCC_493\Debug/main.lst -g -D DEBUG -Wall -ffunction-sections -Og -ffat-lto-objects -c .\main.c -o .\CortexM3\ARM_GCC_493\Debug\main.o
.\main.c: In function 'InitializeAudioFile':
.\main.c:174:13: warning: 'fileString' may be used uninitialized in this function [-Wmaybe-uninitialized]
             strcpy(fileString, "Filename: ");
             ^
arm-none-eabi-gcc.exe -mcpu=cortex-m3 -mthumb -Wno-main -I..\..\emWinGraphics_v5_46\Code\Include\PSoC4_5\nosnts -I..\..\emWinGraphics_v5_46\Code\Include\PSoC4_5 -I..\..\emFile\Code\Include\PSoC5 -I..\..\emFile\Code\Include\PSoC5\emf32nOS -I. -IGenerated_Source\PSoC5 -Wa,-alh=.\CortexM3\ARM_GCC_493\Debug/tft.lst -g -D DEBUG -Wall -ffunction-sections -Og -ffat-lto-objects -c .\tft.c -o .\CortexM3\ARM_GCC_493\Debug\tft.o
arm-none-eabi-gcc.exe -mcpu=cortex-m3 -mthumb -Wno-main -I..\..\emWinGraphics_v5_46\Code\Include\PSoC4_5\nosnts -I..\..\emWinGraphics_v5_46\Code\Include\PSoC4_5 -I..\..\emFile\Code\Include\PSoC5 -I..\..\emFile\Code\Include\PSoC5\emf32nOS -I. -IGenerated_Source\PSoC5 -Wa,-alh=.\CortexM3\ARM_GCC_493\Debug/GUI_X.lst -g -D DEBUG -Wall -ffunction-sections -Og -ffat-lto-objects -c .\GUI_X.c -o .\CortexM3\ARM_GCC_493\Debug\GUI_X.o
arm-none-eabi-gcc.exe -mcpu=cortex-m3 -mthumb -Wno-main -I..\..\emWinGraphics_v5_46\Code\Include\PSoC4_5\nosnts -I..\..\emWinGraphics_v5_46\Code\Include\PSoC4_5 -I..\..\emFile\Code\Include\PSoC5 -I..\..\emFile\Code\Include\PSoC5\emf32nOS -I. -IGenerated_Source\PSoC5 -Wa,-alh=.\CortexM3\ARM_GCC_493\Debug/GUIConf.lst -g -D DEBUG -Wall -ffunction-sections -Og -ffat-lto-objects -c .\GUIConf.c -o .\CortexM3\ARM_GCC_493\Debug\GUIConf.o
arm-none-eabi-gcc.exe -mcpu=cortex-m3 -mthumb -Wno-main -I..\..\emWinGraphics_v5_46\Code\Include\PSoC4_5\nosnts -I..\..\emWinGraphics_v5_46\Code\Include\PSoC4_5 -I..\..\emFile\Code\Include\PSoC5 -I..\..\emFile\Code\Include\PSoC5\emf32nOS -I. -IGenerated_Source\PSoC5 -Wa,-alh=.\CortexM3\ARM_GCC_493\Debug/LCDConf.lst -g -D DEBUG -Wall -ffunction-sections -Og -ffat-lto-objects -c .\LCDConf.c -o .\CortexM3\ARM_GCC_493\Debug\LCDConf.o
arm-none-eabi-gcc.exe -mcpu=cortex-m3 -mthumb -Wno-main -I..\..\emWinGraphics_v5_46\Code\Include\PSoC4_5\nosnts -I..\..\emWinGraphics_v5_46\Code\Include\PSoC4_5 -I..\..\emFile\Code\Include\PSoC5 -I..\..\emFile\Code\Include\PSoC5\emf32nOS -I. -IGenerated_Source\PSoC5 -Wa,-alh=.\CortexM3\ARM_GCC_493\Debug/cyfitter_cfg.lst -g -D DEBUG -Wall -ffunction-sections -Og -ffat-lto-objects -c .\Generated_Source\PSoC5\cyfitter_cfg.c -o .\CortexM3\ARM_GCC_493\Debug\cyfitter_cfg.o
arm-none-eabi-gcc.exe -mcpu=cortex-m3 -mthumb -Wno-main -I..\..\emWinGraphics_v5_46\Code\Include\PSoC4_5\nosnts -I..\..\emWinGraphics_v5_46\Code\Include\PSoC4_5 -I..\..\emFile\Code\Include\PSoC5 -I..\..\emFile\Code\Include\PSoC5\emf32nOS -I. -IGenerated_Source\PSoC5 -Wa,-alh=.\CortexM3\ARM_GCC_493\Debug/cymetadata.lst -g -D DEBUG -Wall -ffunction-sections -Og -ffat-lto-objects -c .\Generated_Source\PSoC5\cymetadata.c -o .\CortexM3\ARM_GCC_493\Debug\cymetadata.o
arm-none-eabi-gcc.exe -mcpu=cortex-m3 -mthumb -Wno-main -I..\..\emWinGraphics_v5_46\Code\Include\PSoC4_5\nosnts -I..\..\emWinGraphics_v5_46\Code\Include\PSoC4_5 -I..\..\emFile\Code\Include\PSoC5 -I..\..\emFile\Code\Include\PSoC5\emf32nOS -I. -IGenerated_Source\PSoC5 -Wa,-alh=.\CortexM3\ARM_GCC_493\Debug/A7.lst -g -D DEBUG -Wall -ffunction-sections -Og -ffat-lto-objects -c .\Generated_Source\PSoC5\A7.c -o .\CortexM3\ARM_GCC_493\Debug\A7.o
arm-none-eabi-gcc.exe -mcpu=cortex-m3 -mthumb -Wno-main -I..\..\emWinGraphics_v5_46\Code\Include\PSoC4_5\nosnts -I..\..\emWinGraphics_v5_46\Code\Include\PSoC4_5 -I..\..\emFile\Code\Include\PSoC5 -I..\..\emFile\Code\Include\PSoC5\emf32nOS -I. -IGenerated_Source\PSoC5 -Wa,-alh=.\CortexM3\ARM_GCC_493\Debug/Clock_1.lst -g -D DEBUG -Wall -ffunction-sections -Og -ffat-lto-objects -c .\Generated_Source\PSoC5\Clock_1.c -o .\CortexM3\ARM_GCC_493\Debug\Clock_1.o
arm-none-eabi-gcc.exe -mcpu=cortex-m3 -mthumb -Wno-main -I..\..\emWinGraphics_v5_46\Code\Include\PSoC4_5\nosnts -I..\..\emWinGraphics_v5_46\Code\Include\PSoC4_5 -I..\..\emFile\Code\Include\PSoC5 -I..\..\emFile\Code\Include\PSoC5\emf32nOS -I. -IGenerated_Source\PSoC5 -Wa,-alh=.\CortexM3\ARM_GCC_493\Debug/FCLK.lst -g -D DEBUG -Wall -ffunction-sections -Og -ffat-lto-objects -c .\Generated_Source\PSoC5\FCLK.c -o .\CortexM3\ARM_GCC_493\Debug\FCLK.o
arm-none-eabi-gcc.exe -mcpu=cortex-m3 -mthumb -Wno-main -I..\..\emWinGraphics_v5_46\Code\Include\PSoC4_5\nosnts -I..\..\emWinGraphics_v5_46\Code\Include\PSoC4_5 -I..\..\emFile\Code\Include\PSoC5 -I..\..\emFile\Code\Include\PSoC5\emf32nOS -I. -IGenerated_Source\PSoC5 -Wa,-alh=.\CortexM3\ARM_GCC_493\Debug/Cm3Start.lst -g -D DEBUG -Wall -ffunction-sections -Og -ffat-lto-objects -c .\Generated_Source\PSoC5\Cm3Start.c -o .\CortexM3\ARM_GCC_493\Debug\Cm3Start.o
arm-none-eabi-as.exe -mcpu=cortex-m3 -mthumb -I. -IGenerated_Source\PSoC5 -alh=.\CortexM3\ARM_GCC_493\Debug/CyBootAsmGnu.lst -g -W -o .\CortexM3\ARM_GCC_493\Debug\CyBootAsmGnu.o .\Generated_Source\PSoC5\CyBootAsmGnu.s
arm-none-eabi-gcc.exe -mcpu=cortex-m3 -mthumb -Wno-main -I..\..\emWinGraphics_v5_46\Code\Include\PSoC4_5\nosnts -I..\..\emWinGraphics_v5_46\Code\Include\PSoC4_5 -I..\..\emFile\Code\Include\PSoC5 -I..\..\emFile\Code\Include\PSoC5\emf32nOS -I. -IGenerated_Source\PSoC5 -Wa,-alh=.\CortexM3\ARM_GCC_493\Debug/CyDmac.lst -g -D DEBUG -Wall -ffunction-sections -Og -ffat-lto-objects -c .\Generated_Source\PSoC5\CyDmac.c -o .\CortexM3\ARM_GCC_493\Debug\CyDmac.o
arm-none-eabi-gcc.exe -mcpu=cortex-m3 -mthumb -Wno-main -I..\..\emWinGraphics_v5_46\Code\Include\PSoC4_5\nosnts -I..\..\emWinGraphics_v5_46\Code\Include\PSoC4_5 -I..\..\emFile\Code\Include\PSoC5 -I..\..\emFile\Code\Include\PSoC5\emf32nOS -I. -IGenerated_Source\PSoC5 -Wa,-alh=.\CortexM3\ARM_GCC_493\Debug/CyFlash.lst -g -D DEBUG -Wall -ffunction-sections -Og -ffat-lto-objects -c .\Generated_Source\PSoC5\CyFlash.c -o .\CortexM3\ARM_GCC_493\Debug\CyFlash.o
arm-none-eabi-gcc.exe -mcpu=cortex-m3 -mthumb -Wno-main -I..\..\emWinGraphics_v5_46\Code\Include\PSoC4_5\nosnts -I..\..\emWinGraphics_v5_46\Code\Include\PSoC4_5 -I..\..\emFile\Code\Include\PSoC5 -I..\..\emFile\Code\Include\PSoC5\emf32nOS -I. -IGenerated_Source\PSoC5 -Wa,-alh=.\CortexM3\ARM_GCC_493\Debug/CyLib.lst -g -D DEBUG -Wall -ffunction-sections -Og -ffat-lto-objects -c .\Generated_Source\PSoC5\CyLib.c -o .\CortexM3\ARM_GCC_493\Debug\CyLib.o
arm-none-eabi-gcc.exe -mcpu=cortex-m3 -mthumb -Wno-main -I..\..\emWinGraphics_v5_46\Code\Include\PSoC4_5\nosnts -I..\..\emWinGraphics_v5_46\Code\Include\PSoC4_5 -I..\..\emFile\Code\Include\PSoC5 -I..\..\emFile\Code\Include\PSoC5\emf32nOS -I. -IGenerated_Source\PSoC5 -Wa,-alh=.\CortexM3\ARM_GCC_493\Debug/cyPm.lst -g -D DEBUG -Wall -ffunction-sections -Og -ffat-lto-objects -c .\Generated_Source\PSoC5\cyPm.c -o .\CortexM3\ARM_GCC_493\Debug\cyPm.o
arm-none-eabi-gcc.exe -mcpu=cortex-m3 -mthumb -Wno-main -I..\..\emWinGraphics_v5_46\Code\Include\PSoC4_5\nosnts -I..\..\emWinGraphics_v5_46\Code\Include\PSoC4_5 -I..\..\emFile\Code\Include\PSoC5 -I..\..\emFile\Code\Include\PSoC5\emf32nOS -I. -IGenerated_Source\PSoC5 -Wa,-alh=.\CortexM3\ARM_GCC_493\Debug/CySpc.lst -g -D DEBUG -Wall -ffunction-sections -Og -ffat-lto-objects -c .\Generated_Source\PSoC5\CySpc.c -o .\CortexM3\ARM_GCC_493\Debug\CySpc.o
arm-none-eabi-gcc.exe -mcpu=cortex-m3 -mthumb -Wno-main -I..\..\emWinGraphics_v5_46\Code\Include\PSoC4_5\nosnts -I..\..\emWinGraphics_v5_46\Code\Include\PSoC4_5 -I..\..\emFile\Code\Include\PSoC5 -I..\..\emFile\Code\Include\PSoC5\emf32nOS -I. -IGenerated_Source\PSoC5 -Wa,-alh=.\CortexM3\ARM_GCC_493\Debug/cyutils.lst -g -D DEBUG -Wall -ffunction-sections -Og -ffat-lto-objects -c .\Generated_Source\PSoC5\cyutils.c -o .\CortexM3\ARM_GCC_493\Debug\cyutils.o
arm-none-eabi-gcc.exe -mcpu=cortex-m3 -mthumb -Wno-main -I..\..\emWinGraphics_v5_46\Code\Include\PSoC4_5\nosnts -I..\..\emWinGraphics_v5_46\Code\Include\PSoC4_5 -I..\..\emFile\Code\Include\PSoC5 -I..\..\emFile\Code\Include\PSoC5\emf32nOS -I. -IGenerated_Source\PSoC5 -Wa,-alh=.\CortexM3\ARM_GCC_493\Debug/SPIM_1.lst -g -D DEBUG -Wall -ffunction-sections -Og -ffat-lto-objects -c .\Generated_Source\PSoC5\SPIM_1.c -o .\CortexM3\ARM_GCC_493\Debug\SPIM_1.o
arm-none-eabi-gcc.exe -mcpu=cortex-m3 -mthumb -Wno-main -I..\..\emWinGraphics_v5_46\Code\Include\PSoC4_5\nosnts -I..\..\emWinGraphics_v5_46\Code\Include\PSoC4_5 -I..\..\emFile\Code\Include\PSoC5 -I..\..\emFile\Code\Include\PSoC5\emf32nOS -I. -IGenerated_Source\PSoC5 -Wa,-alh=.\CortexM3\ARM_GCC_493\Debug/SPIM_1_PM.lst -g -D DEBUG -Wall -ffunction-sections -Og -ffat-lto-objects -c .\Generated_Source\PSoC5\SPIM_1_PM.c -o .\CortexM3\ARM_GCC_493\Debug\SPIM_1_PM.o
arm-none-eabi-gcc.exe -mcpu=cortex-m3 -mthumb -Wno-main -I..\..\emWinGraphics_v5_46\Code\Include\PSoC4_5\nosnts -I..\..\emWinGraphics_v5_46\Code\Include\PSoC4_5 -I..\..\emFile\Code\Include\PSoC5 -I..\..\emFile\Code\Include\PSoC5\emf32nOS -I. -IGenerated_Source\PSoC5 -Wa,-alh=.\CortexM3\ARM_GCC_493\Debug/SPIM_1_INT.lst -g -D DEBUG -Wall -ffunction-sections -Og -ffat-lto-objects -c .\Generated_Source\PSoC5\SPIM_1_INT.c -o .\CortexM3\ARM_GCC_493\Debug\SPIM_1_INT.o
arm-none-eabi-gcc.exe -mcpu=cortex-m3 -mthumb -Wno-main -I..\..\emWinGraphics_v5_46\Code\Include\PSoC4_5\nosnts -I..\..\emWinGraphics_v5_46\Code\Include\PSoC4_5 -I..\..\emFile\Code\Include\PSoC5 -I..\..\emFile\Code\Include\PSoC5\emf32nOS -I. -IGenerated_Source\PSoC5 -Wa,-alh=.\CortexM3\ARM_GCC_493\Debug/MISO_1.lst -g -D DEBUG -Wall -ffunction-sections -Og -ffat-lto-objects -c .\Generated_Source\PSoC5\MISO_1.c -o .\CortexM3\ARM_GCC_493\Debug\MISO_1.o
arm-none-eabi-gcc.exe -mcpu=cortex-m3 -mthumb -Wno-main -I..\..\emWinGraphics_v5_46\Code\Include\PSoC4_5\nosnts -I..\..\emWinGraphics_v5_46\Code\Include\PSoC4_5 -I..\..\emFile\Code\Include\PSoC5 -I..\..\emFile\Code\Include\PSoC5\emf32nOS -I. -IGenerated_Source\PSoC5 -Wa,-alh=.\CortexM3\ARM_GCC_493\Debug/DIN.lst -g -D DEBUG -Wall -ffunction-sections -Og -ffat-lto-objects -c .\Generated_Source\PSoC5\DIN.c -o .\CortexM3\ARM_GCC_493\Debug\DIN.o
arm-none-eabi-gcc.exe -mcpu=cortex-m3 -mthumb -Wno-main -I..\..\emWinGraphics_v5_46\Code\Include\PSoC4_5\nosnts -I..\..\emWinGraphics_v5_46\Code\Include\PSoC4_5 -I..\..\emFile\Code\Include\PSoC5 -I..\..\emFile\Code\Include\PSoC5\emf32nOS -I. -IGenerated_Source\PSoC5 -Wa,-alh=.\CortexM3\ARM_GCC_493\Debug/CLK.lst -g -D DEBUG -Wall -ffunction-sections -Og -ffat-lto-objects -c .\Generated_Source\PSoC5\CLK.c -o .\CortexM3\ARM_GCC_493\Debug\CLK.o
arm-none-eabi-gcc.exe -mcpu=cortex-m3 -mthumb -Wno-main -I..\..\emWinGraphics_v5_46\Code\Include\PSoC4_5\nosnts -I..\..\emWinGraphics_v5_46\Code\Include\PSoC4_5 -I..\..\emFile\Code\Include\PSoC5 -I..\..\emFile\Code\Include\PSoC5\emf32nOS -I. -IGenerated_Source\PSoC5 -Wa,-alh=.\CortexM3\ARM_GCC_493\Debug/CSLD.lst -g -D DEBUG -Wall -ffunction-sections -Og -ffat-lto-objects -c .\Generated_Source\PSoC5\CSLD.c -o .\CortexM3\ARM_GCC_493\Debug\CSLD.o
arm-none-eabi-gcc.exe -mcpu=cortex-m3 -mthumb -Wno-main -I..\..\emWinGraphics_v5_46\Code\Include\PSoC4_5\nosnts -I..\..\emWinGraphics_v5_46\Code\Include\PSoC4_5 -I..\..\emFile\Code\Include\PSoC5 -I..\..\emFile\Code\Include\PSoC5\emf32nOS -I. -IGenerated_Source\PSoC5 -Wa,-alh=.\CortexM3\ARM_GCC_493\Debug/AudioTimer.lst -g -D DEBUG -Wall -ffunction-sections -Og -ffat-lto-objects -c .\Generated_Source\PSoC5\AudioTimer.c -o .\CortexM3\ARM_GCC_493\Debug\AudioTimer.o
arm-none-eabi-gcc.exe -mcpu=cortex-m3 -mthumb -Wno-main -I..\..\emWinGraphics_v5_46\Code\Include\PSoC4_5\nosnts -I..\..\emWinGraphics_v5_46\Code\Include\PSoC4_5 -I..\..\emFile\Code\Include\PSoC5 -I..\..\emFile\Code\Include\PSoC5\emf32nOS -I. -IGenerated_Source\PSoC5 -Wa,-alh=.\CortexM3\ARM_GCC_493\Debug/AudioTimer_PM.lst -g -D DEBUG -Wall -ffunction-sections -Og -ffat-lto-objects -c .\Generated_Source\PSoC5\AudioTimer_PM.c -o .\CortexM3\ARM_GCC_493\Debug\AudioTimer_PM.o
arm-none-eabi-gcc.exe -mcpu=cortex-m3 -mthumb -Wno-main -I..\..\emWinGraphics_v5_46\Code\Include\PSoC4_5\nosnts -I..\..\emWinGraphics_v5_46\Code\Include\PSoC4_5 -I..\..\emFile\Code\Include\PSoC5 -I..\..\emFile\Code\Include\PSoC5\emf32nOS -I. -IGenerated_Source\PSoC5 -Wa,-alh=.\CortexM3\ARM_GCC_493\Debug/audiotimer_isr.lst -g -D DEBUG -Wall -ffunction-sections -Og -ffat-lto-objects -c .\Generated_Source\PSoC5\audiotimer_isr.c -o .\CortexM3\ARM_GCC_493\Debug\audiotimer_isr.o
arm-none-eabi-gcc.exe -mcpu=cortex-m3 -mthumb -Wno-main -I..\..\emWinGraphics_v5_46\Code\Include\PSoC4_5\nosnts -I..\..\emWinGraphics_v5_46\Code\Include\PSoC4_5 -I..\..\emFile\Code\Include\PSoC5 -I..\..\emFile\Code\Include\PSoC5\emf32nOS -I. -IGenerated_Source\PSoC5 -Wa,-alh=.\CortexM3\ARM_GCC_493\Debug/SPIM_1_IntClock.lst -g -D DEBUG -Wall -ffunction-sections -Og -ffat-lto-objects -c .\Generated_Source\PSoC5\SPIM_1_IntClock.c -o .\CortexM3\ARM_GCC_493\Debug\SPIM_1_IntClock.o
arm-none-eabi-gcc.exe -mcpu=cortex-m3 -mthumb -Wno-main -I..\..\emWinGraphics_v5_46\Code\Include\PSoC4_5\nosnts -I..\..\emWinGraphics_v5_46\Code\Include\PSoC4_5 -I..\..\emFile\Code\Include\PSoC5 -I..\..\emFile\Code\Include\PSoC5\emf32nOS -I. -IGenerated_Source\PSoC5 -Wa,-alh=.\CortexM3\ARM_GCC_493\Debug/ADC_1.lst -g -D DEBUG -Wall -ffunction-sections -Og -ffat-lto-objects -c .\Generated_Source\PSoC5\ADC_1.c -o .\CortexM3\ARM_GCC_493\Debug\ADC_1.o
arm-none-eabi-gcc.exe -mcpu=cortex-m3 -mthumb -Wno-main -I..\..\emWinGraphics_v5_46\Code\Include\PSoC4_5\nosnts -I..\..\emWinGraphics_v5_46\Code\Include\PSoC4_5 -I..\..\emFile\Code\Include\PSoC5 -I..\..\emFile\Code\Include\PSoC5\emf32nOS -I. -IGenerated_Source\PSoC5 -Wa,-alh=.\CortexM3\ARM_GCC_493\Debug/ADC_1_PM.lst -g -D DEBUG -Wall -ffunction-sections -Og -ffat-lto-objects -c .\Generated_Source\PSoC5\ADC_1_PM.c -o .\CortexM3\ARM_GCC_493\Debug\ADC_1_PM.o
arm-none-eabi-gcc.exe -mcpu=cortex-m3 -mthumb -Wno-main -I..\..\emWinGraphics_v5_46\Code\Include\PSoC4_5\nosnts -I..\..\emWinGraphics_v5_46\Code\Include\PSoC4_5 -I..\..\emFile\Code\Include\PSoC5 -I..\..\emFile\Code\Include\PSoC5\emf32nOS -I. -IGenerated_Source\PSoC5 -Wa,-alh=.\CortexM3\ARM_GCC_493\Debug/ADC_1_INT.lst -g -D DEBUG -Wall -ffunction-sections -Og -ffat-lto-objects -c .\Generated_Source\PSoC5\ADC_1_INT.c -o .\CortexM3\ARM_GCC_493\Debug\ADC_1_INT.o
arm-none-eabi-gcc.exe -mcpu=cortex-m3 -mthumb -Wno-main -I..\..\emWinGraphics_v5_46\Code\Include\PSoC4_5\nosnts -I..\..\emWinGraphics_v5_46\Code\Include\PSoC4_5 -I..\..\emFile\Code\Include\PSoC5 -I..\..\emFile\Code\Include\PSoC5\emf32nOS -I. -IGenerated_Source\PSoC5 -Wa,-alh=.\CortexM3\ARM_GCC_493\Debug/ADC_1_AMux.lst -g -D DEBUG -Wall -ffunction-sections -Og -ffat-lto-objects -c .\Generated_Source\PSoC5\ADC_1_AMux.c -o .\CortexM3\ARM_GCC_493\Debug\ADC_1_AMux.o
arm-none-eabi-gcc.exe -mcpu=cortex-m3 -mthumb -Wno-main -I..\..\emWinGraphics_v5_46\Code\Include\PSoC4_5\nosnts -I..\..\emWinGraphics_v5_46\Code\Include\PSoC4_5 -I..\..\emFile\Code\Include\PSoC5 -I..\..\emFile\Code\Include\PSoC5\emf32nOS -I. -IGenerated_Source\PSoC5 -Wa,-alh=.\CortexM3\ARM_GCC_493\Debug/ADC_1_Ext_CP_Clk.lst -g -D DEBUG -Wall -ffunction-sections -Og -ffat-lto-objects -c .\Generated_Source\PSoC5\ADC_1_Ext_CP_Clk.c -o .\CortexM3\ARM_GCC_493\Debug\ADC_1_Ext_CP_Clk.o
arm-none-eabi-gcc.exe -mcpu=cortex-m3 -mthumb -Wno-main -I..\..\emWinGraphics_v5_46\Code\Include\PSoC4_5\nosnts -I..\..\emWinGraphics_v5_46\Code\Include\PSoC4_5 -I..\..\emFile\Code\Include\PSoC5 -I..\..\emFile\Code\Include\PSoC5\emf32nOS -I. -IGenerated_Source\PSoC5 -Wa,-alh=.\CortexM3\ARM_GCC_493\Debug/ADC_1_IRQ.lst -g -D DEBUG -Wall -ffunction-sections -Og -ffat-lto-objects -c .\Generated_Source\PSoC5\ADC_1_IRQ.c -o .\CortexM3\ARM_GCC_493\Debug\ADC_1_IRQ.o
arm-none-eabi-gcc.exe -mcpu=cortex-m3 -mthumb -Wno-main -I..\..\emWinGraphics_v5_46\Code\Include\PSoC4_5\nosnts -I..\..\emWinGraphics_v5_46\Code\Include\PSoC4_5 -I..\..\emFile\Code\Include\PSoC5 -I..\..\emFile\Code\Include\PSoC5\emf32nOS -I. -IGenerated_Source\PSoC5 -Wa,-alh=.\CortexM3\ARM_GCC_493\Debug/ADC_1_theACLK.lst -g -D DEBUG -Wall -ffunction-sections -Og -ffat-lto-objects -c .\Generated_Source\PSoC5\ADC_1_theACLK.c -o .\CortexM3\ARM_GCC_493\Debug\ADC_1_theACLK.o
arm-none-eabi-gcc.exe -mcpu=cortex-m3 -mthumb -Wno-main -I..\..\emWinGraphics_v5_46\Code\Include\PSoC4_5\nosnts -I..\..\emWinGraphics_v5_46\Code\Include\PSoC4_5 -I..\..\emFile\Code\Include\PSoC5 -I..\..\emFile\Code\Include\PSoC5\emf32nOS -I. -IGenerated_Source\PSoC5 -Wa,-alh=.\CortexM3\ARM_GCC_493\Debug/SPIM_TFT.lst -g -D DEBUG -Wall -ffunction-sections -Og -ffat-lto-objects -c .\Generated_Source\PSoC5\SPIM_TFT.c -o .\CortexM3\ARM_GCC_493\Debug\SPIM_TFT.o
arm-none-eabi-gcc.exe -mcpu=cortex-m3 -mthumb -Wno-main -I..\..\emWinGraphics_v5_46\Code\Include\PSoC4_5\nosnts -I..\..\emWinGraphics_v5_46\Code\Include\PSoC4_5 -I..\..\emFile\Code\Include\PSoC5 -I..\..\emFile\Code\Include\PSoC5\emf32nOS -I. -IGenerated_Source\PSoC5 -Wa,-alh=.\CortexM3\ARM_GCC_493\Debug/SPIM_TFT_PM.lst -g -D DEBUG -Wall -ffunction-sections -Og -ffat-lto-objects -c .\Generated_Source\PSoC5\SPIM_TFT_PM.c -o .\CortexM3\ARM_GCC_493\Debug\SPIM_TFT_PM.o
arm-none-eabi-gcc.exe -mcpu=cortex-m3 -mthumb -Wno-main -I..\..\emWinGraphics_v5_46\Code\Include\PSoC4_5\nosnts -I..\..\emWinGraphics_v5_46\Code\Include\PSoC4_5 -I..\..\emFile\Code\Include\PSoC5 -I..\..\emFile\Code\Include\PSoC5\emf32nOS -I. -IGenerated_Source\PSoC5 -Wa,-alh=.\CortexM3\ARM_GCC_493\Debug/SPIM_TFT_INT.lst -g -D DEBUG -Wall -ffunction-sections -Og -ffat-lto-objects -c .\Generated_Source\PSoC5\SPIM_TFT_INT.c -o .\CortexM3\ARM_GCC_493\Debug\SPIM_TFT_INT.o
arm-none-eabi-gcc.exe -mcpu=cortex-m3 -mthumb -Wno-main -I..\..\emWinGraphics_v5_46\Code\Include\PSoC4_5\nosnts -I..\..\emWinGraphics_v5_46\Code\Include\PSoC4_5 -I..\..\emFile\Code\Include\PSoC5 -I..\..\emFile\Code\Include\PSoC5\emf32nOS -I. -IGenerated_Source\PSoC5 -Wa,-alh=.\CortexM3\ARM_GCC_493\Debug/MISO_TFT.lst -g -D DEBUG -Wall -ffunction-sections -Og -ffat-lto-objects -c .\Generated_Source\PSoC5\MISO_TFT.c -o .\CortexM3\ARM_GCC_493\Debug\MISO_TFT.o
arm-none-eabi-gcc.exe -mcpu=cortex-m3 -mthumb -Wno-main -I..\..\emWinGraphics_v5_46\Code\Include\PSoC4_5\nosnts -I..\..\emWinGraphics_v5_46\Code\Include\PSoC4_5 -I..\..\emFile\Code\Include\PSoC5 -I..\..\emFile\Code\Include\PSoC5\emf32nOS -I. -IGenerated_Source\PSoC5 -Wa,-alh=.\CortexM3\ARM_GCC_493\Debug/MOSI_TFT.lst -g -D DEBUG -Wall -ffunction-sections -Og -ffat-lto-objects -c .\Generated_Source\PSoC5\MOSI_TFT.c -o .\CortexM3\ARM_GCC_493\Debug\MOSI_TFT.o
arm-none-eabi-gcc.exe -mcpu=cortex-m3 -mthumb -Wno-main -I..\..\emWinGraphics_v5_46\Code\Include\PSoC4_5\nosnts -I..\..\emWinGraphics_v5_46\Code\Include\PSoC4_5 -I..\..\emFile\Code\Include\PSoC5 -I..\..\emFile\Code\Include\PSoC5\emf32nOS -I. -IGenerated_Source\PSoC5 -Wa,-alh=.\CortexM3\ARM_GCC_493\Debug/SCLK_TFT.lst -g -D DEBUG -Wall -ffunction-sections -Og -ffat-lto-objects -c .\Generated_Source\PSoC5\SCLK_TFT.c -o .\CortexM3\ARM_GCC_493\Debug\SCLK_TFT.o
arm-none-eabi-gcc.exe -mcpu=cortex-m3 -mthumb -Wno-main -I..\..\emWinGraphics_v5_46\Code\Include\PSoC4_5\nosnts -I..\..\emWinGraphics_v5_46\Code\Include\PSoC4_5 -I..\..\emFile\Code\Include\PSoC5 -I..\..\emFile\Code\Include\PSoC5\emf32nOS -I. -IGenerated_Source\PSoC5 -Wa,-alh=.\CortexM3\ARM_GCC_493\Debug/SS_TFT.lst -g -D DEBUG -Wall -ffunction-sections -Og -ffat-lto-objects -c .\Generated_Source\PSoC5\SS_TFT.c -o .\CortexM3\ARM_GCC_493\Debug\SS_TFT.o
arm-none-eabi-gcc.exe -mcpu=cortex-m3 -mthumb -Wno-main -I..\..\emWinGraphics_v5_46\Code\Include\PSoC4_5\nosnts -I..\..\emWinGraphics_v5_46\Code\Include\PSoC4_5 -I..\..\emFile\Code\Include\PSoC5 -I..\..\emFile\Code\Include\PSoC5\emf32nOS -I. -IGenerated_Source\PSoC5 -Wa,-alh=.\CortexM3\ARM_GCC_493\Debug/SPIM_TFT_IntClock.lst -g -D DEBUG -Wall -ffunction-sections -Og -ffat-lto-objects -c .\Generated_Source\PSoC5\SPIM_TFT_IntClock.c -o .\CortexM3\ARM_GCC_493\Debug\SPIM_TFT_IntClock.o
arm-none-eabi-gcc.exe -mcpu=cortex-m3 -mthumb -Wno-main -I..\..\emWinGraphics_v5_46\Code\Include\PSoC4_5\nosnts -I..\..\emWinGraphics_v5_46\Code\Include\PSoC4_5 -I..\..\emFile\Code\Include\PSoC5 -I..\..\emFile\Code\Include\PSoC5\emf32nOS -I. -IGenerated_Source\PSoC5 -Wa,-alh=.\CortexM3\ARM_GCC_493\Debug/DC.lst -g -D DEBUG -Wall -ffunction-sections -Og -ffat-lto-objects -c .\Generated_Source\PSoC5\DC.c -o .\CortexM3\ARM_GCC_493\Debug\DC.o
arm-none-eabi-gcc.exe -mcpu=cortex-m3 -mthumb -Wno-main -I..\..\emWinGraphics_v5_46\Code\Include\PSoC4_5\nosnts -I..\..\emWinGraphics_v5_46\Code\Include\PSoC4_5 -I..\..\emFile\Code\Include\PSoC5 -I..\..\emFile\Code\Include\PSoC5\emf32nOS -I. -IGenerated_Source\PSoC5 -Wa,-alh=.\CortexM3\ARM_GCC_493\Debug/LED.lst -g -D DEBUG -Wall -ffunction-sections -Og -ffat-lto-objects -c .\Generated_Source\PSoC5\LED.c -o .\CortexM3\ARM_GCC_493\Debug\LED.o
arm-none-eabi-gcc.exe -mcpu=cortex-m3 -mthumb -Wno-main -I..\..\emWinGraphics_v5_46\Code\Include\PSoC4_5\nosnts -I..\..\emWinGraphics_v5_46\Code\Include\PSoC4_5 -I..\..\emFile\Code\Include\PSoC5 -I..\..\emFile\Code\Include\PSoC5\emf32nOS -I. -IGenerated_Source\PSoC5 -Wa,-alh=.\CortexM3\ARM_GCC_493\Debug/RESET.lst -g -D DEBUG -Wall -ffunction-sections -Og -ffat-lto-objects -c .\Generated_Source\PSoC5\RESET.c -o .\CortexM3\ARM_GCC_493\Debug\RESET.o
arm-none-eabi-gcc.exe -mcpu=cortex-m3 -mthumb -Wno-main -I..\..\emWinGraphics_v5_46\Code\Include\PSoC4_5\nosnts -I..\..\emWinGraphics_v5_46\Code\Include\PSoC4_5 -I..\..\emFile\Code\Include\PSoC5 -I..\..\emFile\Code\Include\PSoC5\emf32nOS -I. -IGenerated_Source\PSoC5 -Wa,-alh=.\CortexM3\ARM_GCC_493\Debug/emFile_ConfigMMC_SPI.lst -g -D DEBUG -Wall -ffunction-sections -Og -ffat-lto-objects -c .\Generated_Source\PSoC5\emFile_ConfigMMC_SPI.c -o .\CortexM3\ARM_GCC_493\Debug\emFile_ConfigMMC_SPI.o
arm-none-eabi-gcc.exe -mcpu=cortex-m3 -mthumb -Wno-main -I..\..\emWinGraphics_v5_46\Code\Include\PSoC4_5\nosnts -I..\..\emWinGraphics_v5_46\Code\Include\PSoC4_5 -I..\..\emFile\Code\Include\PSoC5 -I..\..\emFile\Code\Include\PSoC5\emf32nOS -I. -IGenerated_Source\PSoC5 -Wa,-alh=.\CortexM3\ARM_GCC_493\Debug/emFile_MMC_HW_SPI.lst -g -D DEBUG -Wall -ffunction-sections -Og -ffat-lto-objects -c .\Generated_Source\PSoC5\emFile_MMC_HW_SPI.c -o .\CortexM3\ARM_GCC_493\Debug\emFile_MMC_HW_SPI.o
arm-none-eabi-gcc.exe -mcpu=cortex-m3 -mthumb -Wno-main -I..\..\emWinGraphics_v5_46\Code\Include\PSoC4_5\nosnts -I..\..\emWinGraphics_v5_46\Code\Include\PSoC4_5 -I..\..\emFile\Code\Include\PSoC5 -I..\..\emFile\Code\Include\PSoC5\emf32nOS -I. -IGenerated_Source\PSoC5 -Wa,-alh=.\CortexM3\ARM_GCC_493\Debug/emFile_PM.lst -g -D DEBUG -Wall -ffunction-sections -Og -ffat-lto-objects -c .\Generated_Source\PSoC5\emFile_PM.c -o .\CortexM3\ARM_GCC_493\Debug\emFile_PM.o
arm-none-eabi-gcc.exe -mcpu=cortex-m3 -mthumb -Wno-main -I..\..\emWinGraphics_v5_46\Code\Include\PSoC4_5\nosnts -I..\..\emWinGraphics_v5_46\Code\Include\PSoC4_5 -I..\..\emFile\Code\Include\PSoC5 -I..\..\emFile\Code\Include\PSoC5\emf32nOS -I. -IGenerated_Source\PSoC5 -Wa,-alh=.\CortexM3\ARM_GCC_493\Debug/emFile_SPI0.lst -g -D DEBUG -Wall -ffunction-sections -Og -ffat-lto-objects -c .\Generated_Source\PSoC5\emFile_SPI0.c -o .\CortexM3\ARM_GCC_493\Debug\emFile_SPI0.o
arm-none-eabi-gcc.exe -mcpu=cortex-m3 -mthumb -Wno-main -I..\..\emWinGraphics_v5_46\Code\Include\PSoC4_5\nosnts -I..\..\emWinGraphics_v5_46\Code\Include\PSoC4_5 -I..\..\emFile\Code\Include\PSoC5 -I..\..\emFile\Code\Include\PSoC5\emf32nOS -I. -IGenerated_Source\PSoC5 -Wa,-alh=.\CortexM3\ARM_GCC_493\Debug/emFile_SPI0_PM.lst -g -D DEBUG -Wall -ffunction-sections -Og -ffat-lto-objects -c .\Generated_Source\PSoC5\emFile_SPI0_PM.c -o .\CortexM3\ARM_GCC_493\Debug\emFile_SPI0_PM.o
arm-none-eabi-gcc.exe -mcpu=cortex-m3 -mthumb -Wno-main -I..\..\emWinGraphics_v5_46\Code\Include\PSoC4_5\nosnts -I..\..\emWinGraphics_v5_46\Code\Include\PSoC4_5 -I..\..\emFile\Code\Include\PSoC5 -I..\..\emFile\Code\Include\PSoC5\emf32nOS -I. -IGenerated_Source\PSoC5 -Wa,-alh=.\CortexM3\ARM_GCC_493\Debug/emFile_SPI0_INT.lst -g -D DEBUG -Wall -ffunction-sections -Og -ffat-lto-objects -c .\Generated_Source\PSoC5\emFile_SPI0_INT.c -o .\CortexM3\ARM_GCC_493\Debug\emFile_SPI0_INT.o
arm-none-eabi-gcc.exe -mcpu=cortex-m3 -mthumb -Wno-main -I..\..\emWinGraphics_v5_46\Code\Include\PSoC4_5\nosnts -I..\..\emWinGraphics_v5_46\Code\Include\PSoC4_5 -I..\..\emFile\Code\Include\PSoC5 -I..\..\emFile\Code\Include\PSoC5\emf32nOS -I. -IGenerated_Source\PSoC5 -Wa,-alh=.\CortexM3\ARM_GCC_493\Debug/emFile_mosi0.lst -g -D DEBUG -Wall -ffunction-sections -Og -ffat-lto-objects -c .\Generated_Source\PSoC5\emFile_mosi0.c -o .\CortexM3\ARM_GCC_493\Debug\emFile_mosi0.o
arm-none-eabi-gcc.exe -mcpu=cortex-m3 -mthumb -Wno-main -I..\..\emWinGraphics_v5_46\Code\Include\PSoC4_5\nosnts -I..\..\emWinGraphics_v5_46\Code\Include\PSoC4_5 -I..\..\emFile\Code\Include\PSoC5 -I..\..\emFile\Code\Include\PSoC5\emf32nOS -I. -IGenerated_Source\PSoC5 -Wa,-alh=.\CortexM3\ARM_GCC_493\Debug/emFile_Clock_1.lst -g -D DEBUG -Wall -ffunction-sections -Og -ffat-lto-objects -c .\Generated_Source\PSoC5\emFile_Clock_1.c -o .\CortexM3\ARM_GCC_493\Debug\emFile_Clock_1.o
arm-none-eabi-gcc.exe -mcpu=cortex-m3 -mthumb -Wno-main -I..\..\emWinGraphics_v5_46\Code\Include\PSoC4_5\nosnts -I..\..\emWinGraphics_v5_46\Code\Include\PSoC4_5 -I..\..\emFile\Code\Include\PSoC5 -I..\..\emFile\Code\Include\PSoC5\emf32nOS -I. -IGenerated_Source\PSoC5 -Wa,-alh=.\CortexM3\ARM_GCC_493\Debug/emFile_miso0.lst -g -D DEBUG -Wall -ffunction-sections -Og -ffat-lto-objects -c .\Generated_Source\PSoC5\emFile_miso0.c -o .\CortexM3\ARM_GCC_493\Debug\emFile_miso0.o
arm-none-eabi-gcc.exe -mcpu=cortex-m3 -mthumb -Wno-main -I..\..\emWinGraphics_v5_46\Code\Include\PSoC4_5\nosnts -I..\..\emWinGraphics_v5_46\Code\Include\PSoC4_5 -I..\..\emFile\Code\Include\PSoC5 -I..\..\emFile\Code\Include\PSoC5\emf32nOS -I. -IGenerated_Source\PSoC5 -Wa,-alh=.\CortexM3\ARM_GCC_493\Debug/emFile_sclk0.lst -g -D DEBUG -Wall -ffunction-sections -Og -ffat-lto-objects -c .\Generated_Source\PSoC5\emFile_sclk0.c -o .\CortexM3\ARM_GCC_493\Debug\emFile_sclk0.o
arm-none-eabi-gcc.exe -mcpu=cortex-m3 -mthumb -Wno-main -I..\..\emWinGraphics_v5_46\Code\Include\PSoC4_5\nosnts -I..\..\emWinGraphics_v5_46\Code\Include\PSoC4_5 -I..\..\emFile\Code\Include\PSoC5 -I..\..\emFile\Code\Include\PSoC5\emf32nOS -I. -IGenerated_Source\PSoC5 -Wa,-alh=.\CortexM3\ARM_GCC_493\Debug/emFile_SPI0_CS.lst -g -D DEBUG -Wall -ffunction-sections -Og -ffat-lto-objects -c .\Generated_Source\PSoC5\emFile_SPI0_CS.c -o .\CortexM3\ARM_GCC_493\Debug\emFile_SPI0_CS.o
arm-none-eabi-ar.exe -rs .\CortexM3\ARM_GCC_493\Debug\KovidKonsole.a .\CortexM3\ARM_GCC_493\Debug\cyfitter_cfg.o .\CortexM3\ARM_GCC_493\Debug\A7.o .\CortexM3\ARM_GCC_493\Debug\Clock_1.o .\CortexM3\ARM_GCC_493\Debug\FCLK.o .\CortexM3\ARM_GCC_493\Debug\CyBootAsmGnu.o .\CortexM3\ARM_GCC_493\Debug\CyDmac.o .\CortexM3\ARM_GCC_493\Debug\CyFlash.o .\CortexM3\ARM_GCC_493\Debug\CyLib.o .\CortexM3\ARM_GCC_493\Debug\cyPm.o .\CortexM3\ARM_GCC_493\Debug\CySpc.o .\CortexM3\ARM_GCC_493\Debug\cyutils.o .\CortexM3\ARM_GCC_493\Debug\SPIM_1.o .\CortexM3\ARM_GCC_493\Debug\SPIM_1_PM.o .\CortexM3\ARM_GCC_493\Debug\SPIM_1_INT.o .\CortexM3\ARM_GCC_493\Debug\MISO_1.o .\CortexM3\ARM_GCC_493\Debug\DIN.o .\CortexM3\ARM_GCC_493\Debug\CLK.o .\CortexM3\ARM_GCC_493\Debug\CSLD.o .\CortexM3\ARM_GCC_493\Debug\AudioTimer.o .\CortexM3\ARM_GCC_493\Debug\AudioTimer_PM.o .\CortexM3\ARM_GCC_493\Debug\audiotimer_isr.o .\CortexM3\ARM_GCC_493\Debug\SPIM_1_IntClock.o .\CortexM3\ARM_GCC_493\Debug\ADC_1.o .\CortexM3\ARM_GCC_493\Debug\ADC_1_PM.o .\CortexM3\ARM_GCC_493\Debug\ADC_1_INT.o .\CortexM3\ARM_GCC_493\Debug\ADC_1_AMux.o .\CortexM3\ARM_GCC_493\Debug\ADC_1_Ext_CP_Clk.o .\CortexM3\ARM_GCC_493\Debug\ADC_1_IRQ.o .\CortexM3\ARM_GCC_493\Debug\ADC_1_theACLK.o .\CortexM3\ARM_GCC_493\Debug\SPIM_TFT.o .\CortexM3\ARM_GCC_493\Debug\SPIM_TFT_PM.o .\CortexM3\ARM_GCC_493\Debug\SPIM_TFT_INT.o .\CortexM3\ARM_GCC_493\Debug\MISO_TFT.o .\CortexM3\ARM_GCC_493\Debug\MOSI_TFT.o .\CortexM3\ARM_GCC_493\Debug\SCLK_TFT.o .\CortexM3\ARM_GCC_493\Debug\SS_TFT.o .\CortexM3\ARM_GCC_493\Debug\SPIM_TFT_IntClock.o .\CortexM3\ARM_GCC_493\Debug\DC.o .\CortexM3\ARM_GCC_493\Debug\LED.o .\CortexM3\ARM_GCC_493\Debug\RESET.o .\CortexM3\ARM_GCC_493\Debug\emFile_ConfigMMC_SPI.o .\CortexM3\ARM_GCC_493\Debug\emFile_MMC_HW_SPI.o .\CortexM3\ARM_GCC_493\Debug\emFile_PM.o .\CortexM3\ARM_GCC_493\Debug\emFile_SPI0.o .\CortexM3\ARM_GCC_493\Debug\emFile_SPI0_PM.o .\CortexM3\ARM_GCC_493\Debug\emFile_SPI0_INT.o .\CortexM3\ARM_GCC_493\Debug\emFile_mosi0.o .\CortexM3\ARM_GCC_493\Debug\emFile_Clock_1.o .\CortexM3\ARM_GCC_493\Debug\emFile_miso0.o .\CortexM3\ARM_GCC_493\Debug\emFile_sclk0.o .\CortexM3\ARM_GCC_493\Debug\emFile_SPI0_CS.o
arm-none-eabi-ar.exe: creating .\CortexM3\ARM_GCC_493\Debug\KovidKonsole.a
arm-none-eabi-gcc.exe -Wl,--start-group -o .\CortexM3\ARM_GCC_493\Debug\KovidKonsole.elf .\CortexM3\ARM_GCC_493\Debug\main.o .\CortexM3\ARM_GCC_493\Debug\tft.o .\CortexM3\ARM_GCC_493\Debug\GUI_X.o .\CortexM3\ARM_GCC_493\Debug\GUIConf.o .\CortexM3\ARM_GCC_493\Debug\LCDConf.o .\CortexM3\ARM_GCC_493\Debug\cymetadata.o .\CortexM3\ARM_GCC_493\Debug\Cm3Start.o .\CortexM3\ARM_GCC_493\Debug\KovidKonsole.a "C:\Program Files (x86)\Cypress\PSoC Creator\3.3\PSoC Creator\psoc\content\cycomponentlibrary\CyComponentLibrary.cylib\CortexM3\ARM_GCC_493\Debug\CyComponentLibrary.a" -mcpu=cortex-m3 -mthumb -g -ffunction-sections -Og -ffat-lto-objects -l m -l emf32nosnlfn -L Generated_Source\PSoC5 -L ..\..\emWinGraphics_v5_46\LinkLibrary\PSoC5\GCC -L ..\..\emFile\LinkLibrary\PSoC5\GCC ..\..\emWinGraphics_v5_46\LinkLibrary\PSoC5\GCC\libemWin_nosnts_cm3_gcc.a -Wl,-Map,.\CortexM3\ARM_GCC_493\Debug/KovidKonsole.map -T Generated_Source\PSoC5\cm3gcc.ld -specs=nano.specs -Wl,--gc-sections -Wl,--end-group
