#***************************************************************************

#sjplacer

#Version:            1.1

#Build Date:         Apr 25 2016 12:55:34

#File Generated:     May 14 2024 13:42:27

#Purpose:            

#Copyright (C) 2010-2011 by Softjin Technologies Pvt Ltd. All rights reserved.

#***************************************************************************

Executing : C:\Program Files (x86)\Cypress\PSoC Creator\3.3\PSoC Creator\bin/sjplacer.exe --proj-name KovidKonsole --netlist-vh2 KovidKonsole_p.vh2 --arch-file C:\Program Files (x86)\Cypress\PSoC Creator\3.3\PSoC Creator\dev/arch/p35_udb4x6.ark --rrg-file C:\Program Files (x86)\Cypress\PSoC Creator\3.3\PSoC Creator\dev/psoc5/psoc5lp/route_arch-rrg.cydata --irq-file C:\Program Files (x86)\Cypress\PSoC Creator\3.3\PSoC Creator\dev/psoc5/psoc5lp/irqconn.cydata --drq-file C:\Program Files (x86)\Cypress\PSoC Creator\3.3\PSoC Creator\dev/psoc5/psoc5lp/dmaconn.cydata --dsi-conn-file C:\Program Files (x86)\Cypress\PSoC Creator\3.3\PSoC Creator\dev/psoc5/psoc5lp/dsiconn.cydata --pins-file pins_68-QFN.xml --lib-file KovidKonsole_p.lib --sdc-file KovidKonsole.sdc --io-pcf KovidKonsole.pci --outdir .

		Softjin Techologies Placer, Version 1.1

Build Date : Apr 25 2016	12:53:53

D2004: Option and Settings Summary
=============================================================
Netlist vh2 file          - KovidKonsole_p.vh2
Architecture file         - C:\Program Files (x86)\Cypress\PSoC Creator\3.3\PSoC Creator\dev/arch/p35_udb4x6.ark
Package                   - 
Defparam file             - 
SDC file                  - KovidKonsole.sdc
Output directory          - .
Timing library            - KovidKonsole_p.lib
IO Placement file         - KovidKonsole.pci

D2050: Starting reading inputs for placer
=============================================================
D2065: Reading netlist file : "KovidKonsole_p.vh2"
D2065: Reading arch file : "C:\Program Files (x86)\Cypress\PSoC Creator\3.3\PSoC Creator\dev/arch/p35_udb4x6.ark"
D2051: Reading of inputs for placer completed successfully

D2053: Starting placement of the design
=============================================================

Phase 2
Phase 3

Design Statistics after Packing
    Number of Combinational MCs 	:	18
    Number of Sequential MCs    	:	29
    Number of DPs               	:	12
    Number of Controls          	:	5
    Number of Status            	:	8
    Number of SyncCells         	:	0
    Number of count7cells       	:	3

Device Utilization Summary after Packing
    Macrocells                  :	47/192
    UDBS                        :	17/24
    IOs                         :	20/72


D2088: Phase 3, elapsed time : 0.0 (sec)

Phase 4
D2088: Phase 4, elapsed time : 0.0 (sec)

Phase 5
D2088: Phase 5, elapsed time : 0.0 (sec)

Phase 6

######################################################################
Placement Timing Summary

The timing summary is based on estimated routing delays after
placement. For final timing report, please carry out the timing
analysis after routing.
======================================================================

######################################################################
                     Clock Summary 
======================================================================
Number of clocks: 16
Clock: ADC_FlexSensor_L_theACLK | Frequency: N/A       | Target:  12.0 MHz
Clock: ADC_FlexSensor_L_theACLK(routed) | Frequency: N/A       | Target:  12.0 MHz
Clock: ADC_FlexSensor_R_Ext_CP_Clk | Frequency: N/A       | Target:  24.0 MHz
Clock: ADC_FlexSensor_R_Ext_CP_Clk(routed) | Frequency: N/A       | Target:  24.0 MHz
Clock: ADC_FlexSensor_R_theACLK | Frequency: N/A       | Target:   0.6 MHz
Clock: ADC_FlexSensor_R_theACLK(fixed-function) | Frequency: N/A       | Target:   0.6 MHz
Clock: CyBUS_CLK            | Frequency:  35.7 MHz | Target:  24.0 MHz
Clock: CyBUS_CLK(fixed-function) | Frequency: N/A       | Target:  24.0 MHz
Clock: CyILO                | Frequency: N/A       | Target:   0.0 MHz
Clock: CyIMO                | Frequency: N/A       | Target:   3.0 MHz
Clock: CyMASTER_CLK         | Frequency: N/A       | Target:  24.0 MHz
Clock: CyPLL_OUT            | Frequency: N/A       | Target:  24.0 MHz
Clock: SPIM_Audio_IntClock  | Frequency:  60.7 MHz | Target:   2.0 MHz
Clock: SPIM_TFT_IntClock    | Frequency:  57.2 MHz | Target:   6.0 MHz
Clock: \ADC_FlexSensor_R:DSM\/dec_clock | Frequency: N/A       | Target:   0.1 MHz
Clock: emFile_Clock_1       | Frequency:  36.3 MHz | Target:  24.0 MHz

======================================================================
                     End of Clock Summary
######################################################################

D2088: Phase 6, elapsed time : 0.0 (sec)

Phase 7
######################################################################
                     Clock Summary 
======================================================================
Number of clocks: 16
Clock: ADC_FlexSensor_L_theACLK | Frequency: N/A       | Target:  12.0 MHz
Clock: ADC_FlexSensor_L_theACLK(routed) | Frequency: N/A       | Target:  12.0 MHz
Clock: ADC_FlexSensor_R_Ext_CP_Clk | Frequency: N/A       | Target:  24.0 MHz
Clock: ADC_FlexSensor_R_Ext_CP_Clk(routed) | Frequency: N/A       | Target:  24.0 MHz
Clock: ADC_FlexSensor_R_theACLK | Frequency: N/A       | Target:   0.6 MHz
Clock: ADC_FlexSensor_R_theACLK(fixed-function) | Frequency: N/A       | Target:   0.6 MHz
Clock: CyBUS_CLK            | Frequency:  35.7 MHz | Target:  24.0 MHz
Clock: CyBUS_CLK(fixed-function) | Frequency: N/A       | Target:  24.0 MHz
Clock: CyILO                | Frequency: N/A       | Target:   0.0 MHz
Clock: CyIMO                | Frequency: N/A       | Target:   3.0 MHz
Clock: CyMASTER_CLK         | Frequency: N/A       | Target:  24.0 MHz
Clock: CyPLL_OUT            | Frequency: N/A       | Target:  24.0 MHz
Clock: SPIM_Audio_IntClock  | Frequency:  60.4 MHz | Target:   2.0 MHz
Clock: SPIM_TFT_IntClock    | Frequency:  57.2 MHz | Target:   6.0 MHz
Clock: \ADC_FlexSensor_R:DSM\/dec_clock | Frequency: N/A       | Target:   0.1 MHz
Clock: emFile_Clock_1       | Frequency:  52.5 MHz | Target:  24.0 MHz

======================================================================
                     End of Clock Summary
######################################################################
D2088: Phase 7, elapsed time : 0.6 (sec)

Final Design Statistics
    Number of Combinational MCs 	:	18
    Number of Sequential MCs    	:	29
    Number of DPs               	:	12
    Number of Controls          	:	5
    Number of Status            	:	8
    Number of SyncCells         	:	0
    Number of count7cells       	:	3
    Number of IOs       	:	20

Device Utilization Summary
    Macrocells                  :	47/192
    IOs                         :	20/72



######################################################################
Placement Timing Summary

The timing summary is based on estimated routing delays after
placement. For final timing report, please carry out the timing
analysis after routing.
======================================================================


######################################################################
                     Clock Summary 
======================================================================
Number of clocks: 16
Clock: ADC_FlexSensor_L_theACLK | Frequency: N/A       | Target:  12.0 MHz
Clock: ADC_FlexSensor_L_theACLK(routed) | Frequency: N/A       | Target:  12.0 MHz
Clock: ADC_FlexSensor_R_Ext_CP_Clk | Frequency: N/A       | Target:  24.0 MHz
Clock: ADC_FlexSensor_R_Ext_CP_Clk(routed) | Frequency: N/A       | Target:  24.0 MHz
Clock: ADC_FlexSensor_R_theACLK | Frequency: N/A       | Target:   0.6 MHz
Clock: ADC_FlexSensor_R_theACLK(fixed-function) | Frequency: N/A       | Target:   0.6 MHz
Clock: CyBUS_CLK            | Frequency:  36.4 MHz | Target:  26.3 MHz
Clock: CyBUS_CLK(fixed-function) | Frequency: N/A       | Target:  24.0 MHz
Clock: CyILO                | Frequency: N/A       | Target:   0.0 MHz
Clock: CyIMO                | Frequency: N/A       | Target:   3.0 MHz
Clock: CyMASTER_CLK         | Frequency: N/A       | Target:  24.0 MHz
Clock: CyPLL_OUT            | Frequency: N/A       | Target:  24.0 MHz
Clock: SPIM_Audio_IntClock  | Frequency:  60.5 MHz | Target:   2.2 MHz
Clock: SPIM_TFT_IntClock    | Frequency:  45.9 MHz | Target:   6.6 MHz
Clock: \ADC_FlexSensor_R:DSM\/dec_clock | Frequency: N/A       | Target:   0.1 MHz
Clock: emFile_Clock_1       | Frequency:  52.5 MHz | Target:  26.3 MHz

======================================================================
                     End of Clock Summary
######################################################################

Phase 8
D2088: Phase 8, elapsed time : 0.0 (sec)

D2054: Placement of the design completed successfully

I2076: Total run-time: 1.0 sec.

